{"/home/asus/Project/MateFi/frontend/src/hooks/useFreighterWallet.ts": {"path":"/home/asus/Project/MateFi/frontend/src/hooks/useFreighterWallet.ts","statementMap":{"0":{"start":{"line":19,"column":0},"end":{"line":19,"column":16}},"1":{"start":{"line":3,"column":0},"end":{"line":3,"column":57}},"2":{"start":{"line":4,"column":0},"end":{"line":4,"column":68}},"3":{"start":{"line":20,"column":28},"end":{"line":24,"column":4}},"4":{"start":{"line":26,"column":2},"end":{"line":37,"column":9}},"5":{"start":{"line":27,"column":4},"end":{"line":36,"column":9}},"6":{"start":{"line":29,"column":8},"end":{"line":32,"column":12}},"7":{"start":{"line":29,"column":25},"end":{"line":32,"column":10}},"8":{"start":{"line":35,"column":8},"end":{"line":35,"column":61}},"9":{"start":{"line":35,"column":25},"end":{"line":35,"column":58}},"10":{"start":{"line":39,"column":18},"end":{"line":72,"column":8}},"11":{"start":{"line":40,"column":4},"end":{"line":40,"column":67}},"12":{"start":{"line":40,"column":21},"end":{"line":40,"column":64}},"13":{"start":{"line":41,"column":4},"end":{"line":71,"column":5}},"14":{"start":{"line":42,"column":25},"end":{"line":42,"column":44}},"15":{"start":{"line":43,"column":6},"end":{"line":46,"column":7}},"16":{"start":{"line":44,"column":8},"end":{"line":44,"column":74}},"17":{"start":{"line":45,"column":8},"end":{"line":45,"column":15}},"18":{"start":{"line":47,"column":27},"end":{"line":47,"column":48}},"19":{"start":{"line":48,"column":6},"end":{"line":55,"column":7}},"20":{"start":{"line":49,"column":8},"end":{"line":53,"column":11}},"21":{"start":{"line":54,"column":8},"end":{"line":54,"column":15}},"22":{"start":{"line":56,"column":6},"end":{"line":63,"column":7}},"23":{"start":{"line":57,"column":8},"end":{"line":61,"column":11}},"24":{"start":{"line":62,"column":8},"end":{"line":62,"column":15}},"25":{"start":{"line":64,"column":6},"end":{"line":64,"column":84}},"26":{"start":{"line":66,"column":6},"end":{"line":70,"column":9}},"27":{"start":{"line":74,"column":21},"end":{"line":76,"column":8}},"28":{"start":{"line":75,"column":4},"end":{"line":75,"column":69}},"29":{"start":{"line":78,"column":2},"end":{"line":78,"column":43}}},"fnMap":{"0":{"name":"useFreighterWallet","decl":{"start":{"line":19,"column":16},"end":{"line":19,"column":34}},"loc":{"start":{"line":19,"column":34},"end":{"line":79,"column":1}}},"1":{"name":"(anonymous_1)","decl":{"start":{"line":26,"column":12},"end":{"line":26,"column":15}},"loc":{"start":{"line":26,"column":17},"end":{"line":37,"column":3}}},"2":{"name":"(anonymous_2)","decl":{"start":{"line":28,"column":12},"end":{"line":28,"column":13}},"loc":{"start":{"line":28,"column":23},"end":{"line":33,"column":7}}},"3":{"name":"(anonymous_3)","decl":{"start":{"line":29,"column":17},"end":{"line":29,"column":18}},"loc":{"start":{"line":29,"column":25},"end":{"line":32,"column":10}}},"4":{"name":"(anonymous_4)","decl":{"start":{"line":34,"column":13},"end":{"line":34,"column":16}},"loc":{"start":{"line":34,"column":18},"end":{"line":36,"column":7}}},"5":{"name":"(anonymous_5)","decl":{"start":{"line":35,"column":17},"end":{"line":35,"column":18}},"loc":{"start":{"line":35,"column":25},"end":{"line":35,"column":58}}},"6":{"name":"(anonymous_6)","decl":{"start":{"line":39,"column":30},"end":{"line":39,"column":35}},"loc":{"start":{"line":39,"column":41},"end":{"line":72,"column":3}}},"7":{"name":"(anonymous_7)","decl":{"start":{"line":40,"column":13},"end":{"line":40,"column":14}},"loc":{"start":{"line":40,"column":21},"end":{"line":40,"column":64}}},"8":{"name":"(anonymous_8)","decl":{"start":{"line":74,"column":33},"end":{"line":74,"column":36}},"loc":{"start":{"line":74,"column":38},"end":{"line":76,"column":3}}}},"branchMap":{"0":{"loc":{"start":{"line":31,"column":18},"end":{"line":31,"column":71}},"type":"cond-expr","locations":[{"start":{"line":31,"column":39},"end":{"line":31,"column":53}},{"start":{"line":31,"column":56},"end":{"line":31,"column":71}}]},"1":{"loc":{"start":{"line":43,"column":6},"end":{"line":46,"column":7}},"type":"if","locations":[{"start":{"line":43,"column":6},"end":{"line":46,"column":7}},{"start":{},"end":{}}]},"2":{"loc":{"start":{"line":48,"column":6},"end":{"line":55,"column":7}},"type":"if","locations":[{"start":{"line":48,"column":6},"end":{"line":55,"column":7}},{"start":{},"end":{}}]},"3":{"loc":{"start":{"line":56,"column":6},"end":{"line":63,"column":7}},"type":"if","locations":[{"start":{"line":56,"column":6},"end":{"line":63,"column":7}},{"start":{},"end":{}}]},"4":{"loc":{"start":{"line":69,"column":15},"end":{"line":69,"column":68}},"type":"cond-expr","locations":[{"start":{"line":69,"column":36},"end":{"line":69,"column":45}},{"start":{"line":69,"column":48},"end":{"line":69,"column":68}}]}},"s":{"0":0,"1":0,"2":0,"3":0,"4":0,"5":0,"6":0,"7":0,"8":0,"9":0,"10":0,"11":0,"12":0,"13":0,"14":0,"15":0,"16":0,"17":0,"18":0,"19":0,"20":0,"21":0,"22":0,"23":0,"24":0,"25":0,"26":0,"27":0,"28":0,"29":0},"f":{"0":0,"1":0,"2":0,"3":0,"4":0,"5":0,"6":0,"7":0,"8":0},"b":{"0":[0,0],"1":[0,0],"2":[0,0],"3":[0,0],"4":[0,0]}}
,"/home/asus/Project/MateFi/frontend/src/hooks/useMatch.ts": {"path":"/home/asus/Project/MateFi/frontend/src/hooks/useMatch.ts","statementMap":{"0":{"start":{"line":82,"column":0},"end":{"line":82,"column":16}},"1":{"start":{"line":6,"column":0},"end":{"line":6,"column":57}},"2":{"start":{"line":7,"column":0},"end":{"line":7,"column":61}},"3":{"start":{"line":8,"column":0},"end":{"line":8,"column":40}},"4":{"start":{"line":9,"column":0},"end":{"line":9,"column":40}},"5":{"start":{"line":10,"column":0},"end":{"line":10,"column":51}},"6":{"start":{"line":44,"column":37},"end":{"line":68,"column":2}},"7":{"start":{"line":79,"column":29},"end":{"line":79,"column":31}},"8":{"start":{"line":80,"column":29},"end":{"line":80,"column":33}},"9":{"start":{"line":83,"column":30},"end":{"line":83,"column":64}},"10":{"start":{"line":84,"column":26},"end":{"line":84,"column":64}},"11":{"start":{"line":85,"column":32},"end":{"line":85,"column":46}},"12":{"start":{"line":86,"column":28},"end":{"line":86,"column":57}},"13":{"start":{"line":88,"column":22},"end":{"line":163,"column":8}},"14":{"start":{"line":89,"column":4},"end":{"line":162,"column":5}},"15":{"start":{"line":91,"column":8},"end":{"line":95,"column":10}},"16":{"start":{"line":92,"column":10},"end":{"line":94,"column":18}},"17":{"start":{"line":96,"column":8},"end":{"line":96,"column":14}},"18":{"start":{"line":99,"column":8},"end":{"line":108,"column":12}},"19":{"start":{"line":99,"column":27},"end":{"line":108,"column":10}},"20":{"start":{"line":109,"column":8},"end":{"line":109,"column":14}},"21":{"start":{"line":112,"column":8},"end":{"line":117,"column":12}},"22":{"start":{"line":112,"column":27},"end":{"line":117,"column":10}},"23":{"start":{"line":118,"column":8},"end":{"line":118,"column":14}},"24":{"start":{"line":121,"column":8},"end":{"line":125,"column":12}},"25":{"start":{"line":121,"column":27},"end":{"line":125,"column":10}},"26":{"start":{"line":126,"column":8},"end":{"line":126,"column":14}},"27":{"start":{"line":129,"column":8},"end":{"line":136,"column":12}},"28":{"start":{"line":129,"column":27},"end":{"line":136,"column":10}},"29":{"start":{"line":137,"column":8},"end":{"line":137,"column":14}},"30":{"start":{"line":140,"column":8},"end":{"line":148,"column":12}},"31":{"start":{"line":140,"column":27},"end":{"line":148,"column":10}},"32":{"start":{"line":149,"column":8},"end":{"line":149,"column":14}},"33":{"start":{"line":152,"column":8},"end":{"line":160,"column":12}},"34":{"start":{"line":152,"column":27},"end":{"line":160,"column":10}},"35":{"start":{"line":161,"column":8},"end":{"line":161,"column":14}},"36":{"start":{"line":165,"column":31},"end":{"line":165,"column":65}},"37":{"start":{"line":167,"column":15},"end":{"line":269,"column":15}},"38":{"start":{"line":168,"column":4},"end":{"line":168,"column":25}},"39":{"start":{"line":168,"column":18},"end":{"line":168,"column":25}},"40":{"start":{"line":169,"column":4},"end":{"line":169,"column":19}},"41":{"start":{"line":170,"column":4},"end":{"line":268,"column":5}},"42":{"start":{"line":171,"column":33},"end":{"line":171,"column":37}},"43":{"start":{"line":172,"column":6},"end":{"line":179,"column":7}},"44":{"start":{"line":172,"column":25},"end":{"line":172,"column":26}},"45":{"start":{"line":173,"column":8},"end":{"line":173,"column":82}},"46":{"start":{"line":174,"column":8},"end":{"line":174,"column":48}},"47":{"start":{"line":174,"column":42},"end":{"line":174,"column":48}},"48":{"start":{"line":176,"column":8},"end":{"line":178,"column":9}},"49":{"start":{"line":177,"column":10},"end":{"line":177,"column":78}},"50":{"start":{"line":177,"column":41},"end":{"line":177,"column":76}},"51":{"start":{"line":180,"column":6},"end":{"line":184,"column":7}},"52":{"start":{"line":181,"column":8},"end":{"line":183,"column":10}},"53":{"start":{"line":185,"column":20},"end":{"line":185,"column":37}},"54":{"start":{"line":186,"column":16},"end":{"line":186,"column":26}},"55":{"start":{"line":187,"column":6},"end":{"line":187,"column":19}},"56":{"start":{"line":189,"column":23},"end":{"line":189,"column":70}},"57":{"start":{"line":192,"column":21},"end":{"line":192,"column":50}},"58":{"start":{"line":193,"column":21},"end":{"line":193,"column":73}},"59":{"start":{"line":194,"column":6},"end":{"line":222,"column":10}},"60":{"start":{"line":194,"column":25},"end":{"line":222,"column":8}},"61":{"start":{"line":197,"column":45},"end":{"line":197,"column":56}},"62":{"start":{"line":225,"column":6},"end":{"line":259,"column":7}},"63":{"start":{"line":226,"column":27},"end":{"line":228,"column":10}},"64":{"start":{"line":229,"column":8},"end":{"line":256,"column":9}},"65":{"start":{"line":230,"column":27},"end":{"line":230,"column":50}},"66":{"start":{"line":231,"column":10},"end":{"line":255,"column":11}},"67":{"start":{"line":232,"column":51},"end":{"line":236,"column":14}},"68":{"start":{"line":237,"column":12},"end":{"line":240,"column":13}},"69":{"start":{"line":238,"column":26},"end":{"line":238,"column":55}},"70":{"start":{"line":239,"column":14},"end":{"line":239,"column":62}},"71":{"start":{"line":239,"column":38},"end":{"line":239,"column":62}},"72":{"start":{"line":241,"column":25},"end":{"line":245,"column":14}},"73":{"start":{"line":246,"column":12},"end":{"line":254,"column":16}},"74":{"start":{"line":246,"column":31},"end":{"line":254,"column":14}},"75":{"start":{"line":261,"column":6},"end":{"line":265,"column":8}},"76":{"start":{"line":267,"column":6},"end":{"line":267,"column":24}},"77":{"start":{"line":271,"column":2},"end":{"line":276,"column":13}},"78":{"start":{"line":272,"column":4},"end":{"line":272,"column":20}},"79":{"start":{"line":273,"column":4},"end":{"line":273,"column":26}},"80":{"start":{"line":274,"column":4},"end":{"line":274,"column":21}},"81":{"start":{"line":275,"column":4},"end":{"line":275,"column":16}},"82":{"start":{"line":280,"column":22},"end":{"line":280,"column":36}},"83":{"start":{"line":281,"column":2},"end":{"line":285,"column":26}},"84":{"start":{"line":282,"column":4},"end":{"line":282,"column":39}},"85":{"start":{"line":282,"column":32},"end":{"line":282,"column":39}},"86":{"start":{"line":283,"column":15},"end":{"line":283,"column":51}},"87":{"start":{"line":283,"column":33},"end":{"line":283,"column":44}},"88":{"start":{"line":284,"column":4},"end":{"line":284,"column":35}},"89":{"start":{"line":284,"column":17},"end":{"line":284,"column":34}},"90":{"start":{"line":287,"column":2},"end":{"line":287,"column":67}}},"fnMap":{"0":{"name":"useMatch","decl":{"start":{"line":82,"column":16},"end":{"line":82,"column":24}},"loc":{"start":{"line":82,"column":40},"end":{"line":288,"column":1}}},"1":{"name":"(anonymous_1)","decl":{"start":{"line":88,"column":34},"end":{"line":88,"column":35}},"loc":{"start":{"line":88,"column":53},"end":{"line":163,"column":3}}},"2":{"name":"(anonymous_2)","decl":{"start":{"line":91,"column":18},"end":{"line":91,"column":19}},"loc":{"start":{"line":92,"column":10},"end":{"line":94,"column":18}}},"3":{"name":"(anonymous_3)","decl":{"start":{"line":99,"column":16},"end":{"line":99,"column":17}},"loc":{"start":{"line":99,"column":27},"end":{"line":108,"column":10}}},"4":{"name":"(anonymous_4)","decl":{"start":{"line":112,"column":16},"end":{"line":112,"column":17}},"loc":{"start":{"line":112,"column":27},"end":{"line":117,"column":10}}},"5":{"name":"(anonymous_5)","decl":{"start":{"line":121,"column":16},"end":{"line":121,"column":17}},"loc":{"start":{"line":121,"column":27},"end":{"line":125,"column":10}}},"6":{"name":"(anonymous_6)","decl":{"start":{"line":129,"column":16},"end":{"line":129,"column":17}},"loc":{"start":{"line":129,"column":27},"end":{"line":136,"column":10}}},"7":{"name":"(anonymous_7)","decl":{"start":{"line":140,"column":16},"end":{"line":140,"column":17}},"loc":{"start":{"line":140,"column":27},"end":{"line":148,"column":10}}},"8":{"name":"(anonymous_8)","decl":{"start":{"line":152,"column":16},"end":{"line":152,"column":17}},"loc":{"start":{"line":152,"column":27},"end":{"line":160,"column":10}}},"9":{"name":"(anonymous_9)","decl":{"start":{"line":167,"column":27},"end":{"line":167,"column":32}},"loc":{"start":{"line":167,"column":38},"end":{"line":269,"column":3}}},"10":{"name":"(anonymous_10)","decl":{"start":{"line":177,"column":34},"end":{"line":177,"column":35}},"loc":{"start":{"line":177,"column":41},"end":{"line":177,"column":76}}},"11":{"name":"(anonymous_11)","decl":{"start":{"line":194,"column":14},"end":{"line":194,"column":15}},"loc":{"start":{"line":194,"column":25},"end":{"line":222,"column":8}}},"12":{"name":"(anonymous_12)","decl":{"start":{"line":197,"column":37},"end":{"line":197,"column":38}},"loc":{"start":{"line":197,"column":45},"end":{"line":197,"column":56}}},"13":{"name":"(anonymous_13)","decl":{"start":{"line":246,"column":20},"end":{"line":246,"column":21}},"loc":{"start":{"line":246,"column":31},"end":{"line":254,"column":14}}},"14":{"name":"(anonymous_14)","decl":{"start":{"line":271,"column":12},"end":{"line":271,"column":15}},"loc":{"start":{"line":271,"column":17},"end":{"line":276,"column":3}}},"15":{"name":"(anonymous_15)","decl":{"start":{"line":281,"column":12},"end":{"line":281,"column":15}},"loc":{"start":{"line":281,"column":17},"end":{"line":285,"column":3}}},"16":{"name":"(anonymous_16)","decl":{"start":{"line":283,"column":27},"end":{"line":283,"column":30}},"loc":{"start":{"line":283,"column":33},"end":{"line":283,"column":44}}},"17":{"name":"(anonymous_17)","decl":{"start":{"line":284,"column":11},"end":{"line":284,"column":14}},"loc":{"start":{"line":284,"column":17},"end":{"line":284,"column":34}}}},"branchMap":{"0":{"loc":{"start":{"line":89,"column":4},"end":{"line":162,"column":5}},"type":"switch","locations":[{"start":{"line":90,"column":6},"end":{"line":96,"column":14}},{"start":{"line":98,"column":6},"end":{"line":109,"column":14}},{"start":{"line":111,"column":6},"end":{"line":118,"column":14}},{"start":{"line":120,"column":6},"end":{"line":126,"column":14}},{"start":{"line":128,"column":6},"end":{"line":137,"column":14}},{"start":{"line":139,"column":6},"end":{"line":149,"column":14}},{"start":{"line":151,"column":6},"end":{"line":161,"column":14}}]},"1":{"loc":{"start":{"line":92,"column":10},"end":{"line":94,"column":18}},"type":"cond-expr","locations":[{"start":{"line":93,"column":14},"end":{"line":93,"column":68}},{"start":{"line":94,"column":14},"end":{"line":94,"column":18}}]},"2":{"loc":{"start":{"line":104,"column":19},"end":{"line":104,"column":69}},"type":"cond-expr","locations":[{"start":{"line":104,"column":34},"end":{"line":104,"column":54}},{"start":{"line":104,"column":57},"end":{"line":104,"column":69}}]},"3":{"loc":{"start":{"line":105,"column":19},"end":{"line":105,"column":69}},"type":"cond-expr","locations":[{"start":{"line":105,"column":34},"end":{"line":105,"column":54}},{"start":{"line":105,"column":57},"end":{"line":105,"column":69}}]},"4":{"loc":{"start":{"line":133,"column":26},"end":{"line":133,"column":46}},"type":"binary-expr","locations":[{"start":{"line":133,"column":26},"end":{"line":133,"column":38}},{"start":{"line":133,"column":42},"end":{"line":133,"column":46}}]},"5":{"loc":{"start":{"line":134,"column":15},"end":{"line":134,"column":36}},"type":"binary-expr","locations":[{"start":{"line":134,"column":15},"end":{"line":134,"column":24}},{"start":{"line":134,"column":28},"end":{"line":134,"column":36}}]},"6":{"loc":{"start":{"line":158,"column":20},"end":{"line":158,"column":67}},"type":"binary-expr","locations":[{"start":{"line":158,"column":20},"end":{"line":158,"column":32}},{"start":{"line":158,"column":36},"end":{"line":158,"column":59}},{"start":{"line":158,"column":63},"end":{"line":158,"column":67}}]},"7":{"loc":{"start":{"line":168,"column":4},"end":{"line":168,"column":25}},"type":"if","locations":[{"start":{"line":168,"column":4},"end":{"line":168,"column":25}},{"start":{},"end":{}}]},"8":{"loc":{"start":{"line":174,"column":8},"end":{"line":174,"column":48}},"type":"if","locations":[{"start":{"line":174,"column":8},"end":{"line":174,"column":48}},{"start":{},"end":{}}]},"9":{"loc":{"start":{"line":174,"column":12},"end":{"line":174,"column":40}},"type":"binary-expr","locations":[{"start":{"line":174,"column":12},"end":{"line":174,"column":18}},{"start":{"line":174,"column":22},"end":{"line":174,"column":40}}]},"10":{"loc":{"start":{"line":176,"column":8},"end":{"line":178,"column":9}},"type":"if","locations":[{"start":{"line":176,"column":8},"end":{"line":178,"column":9}},{"start":{},"end":{}}]},"11":{"loc":{"start":{"line":180,"column":6},"end":{"line":184,"column":7}},"type":"if","locations":[{"start":{"line":180,"column":6},"end":{"line":184,"column":7}},{"start":{},"end":{}}]},"12":{"loc":{"start":{"line":182,"column":10},"end":{"line":182,"column":86}},"type":"cond-expr","locations":[{"start":{"line":182,"column":32},"end":{"line":182,"column":50}},{"start":{"line":182,"column":53},"end":{"line":182,"column":86}}]},"13":{"loc":{"start":{"line":193,"column":21},"end":{"line":193,"column":73}},"type":"binary-expr","locations":[{"start":{"line":193,"column":21},"end":{"line":193,"column":45}},{"start":{"line":193,"column":49},"end":{"line":193,"column":73}}]},"14":{"loc":{"start":{"line":196,"column":13},"end":{"line":196,"column":38}},"type":"binary-expr","locations":[{"start":{"line":196,"column":13},"end":{"line":196,"column":26}},{"start":{"line":196,"column":30},"end":{"line":196,"column":38}}]},"15":{"loc":{"start":{"line":197,"column":21},"end":{"line":197,"column":77}},"type":"binary-expr","locations":[{"start":{"line":197,"column":21},"end":{"line":197,"column":57}},{"start":{"line":197,"column":61},"end":{"line":197,"column":77}}]},"16":{"loc":{"start":{"line":198,"column":14},"end":{"line":202,"column":21}},"type":"cond-expr","locations":[{"start":{"line":199,"column":12},"end":{"line":201,"column":17}},{"start":{"line":202,"column":12},"end":{"line":202,"column":21}}]},"17":{"loc":{"start":{"line":199,"column":12},"end":{"line":201,"column":17}},"type":"cond-expr","locations":[{"start":{"line":200,"column":14},"end":{"line":200,"column":17}},{"start":{"line":201,"column":14},"end":{"line":201,"column":17}}]},"18":{"loc":{"start":{"line":203,"column":19},"end":{"line":203,"column":61}},"type":"cond-expr","locations":[{"start":{"line":203,"column":30},"end":{"line":203,"column":44}},{"start":{"line":203,"column":47},"end":{"line":203,"column":61}}]},"19":{"loc":{"start":{"line":204,"column":19},"end":{"line":204,"column":61}},"type":"cond-expr","locations":[{"start":{"line":204,"column":30},"end":{"line":204,"column":44}},{"start":{"line":204,"column":47},"end":{"line":204,"column":61}}]},"20":{"loc":{"start":{"line":205,"column":22},"end":{"line":205,"column":64}},"type":"binary-expr","locations":[{"start":{"line":205,"column":22},"end":{"line":205,"column":39}},{"start":{"line":205,"column":43},"end":{"line":205,"column":64}}]},"21":{"loc":{"start":{"line":206,"column":18},"end":{"line":206,"column":59}},"type":"binary-expr","locations":[{"start":{"line":206,"column":18},"end":{"line":206,"column":31}},{"start":{"line":206,"column":35},"end":{"line":206,"column":59}}]},"22":{"loc":{"start":{"line":207,"column":16},"end":{"line":207,"column":39}},"type":"binary-expr","locations":[{"start":{"line":207,"column":16},"end":{"line":207,"column":27}},{"start":{"line":207,"column":31},"end":{"line":207,"column":39}}]},"23":{"loc":{"start":{"line":208,"column":13},"end":{"line":208,"column":30}},"type":"binary-expr","locations":[{"start":{"line":208,"column":13},"end":{"line":208,"column":21}},{"start":{"line":208,"column":25},"end":{"line":208,"column":30}}]},"24":{"loc":{"start":{"line":211,"column":20},"end":{"line":217,"column":17}},"type":"binary-expr","locations":[{"start":{"line":211,"column":20},"end":{"line":211,"column":35}},{"start":{"line":211,"column":40},"end":{"line":217,"column":16}}]},"25":{"loc":{"start":{"line":211,"column":40},"end":{"line":217,"column":16}},"type":"cond-expr","locations":[{"start":{"line":212,"column":12},"end":{"line":216,"column":null}},{"start":{"line":217,"column":12},"end":{"line":217,"column":16}}]},"26":{"loc":{"start":{"line":213,"column":34},"end":{"line":213,"column":67}},"type":"binary-expr","locations":[{"start":{"line":213,"column":34},"end":{"line":213,"column":62}},{"start":{"line":213,"column":66},"end":{"line":213,"column":67}}]},"27":{"loc":{"start":{"line":214,"column":30},"end":{"line":214,"column":62}},"type":"binary-expr","locations":[{"start":{"line":214,"column":30},"end":{"line":214,"column":57}},{"start":{"line":214,"column":61},"end":{"line":214,"column":62}}]},"28":{"loc":{"start":{"line":215,"column":22},"end":{"line":215,"column":53}},"type":"binary-expr","locations":[{"start":{"line":215,"column":22},"end":{"line":215,"column":45}},{"start":{"line":215,"column":49},"end":{"line":215,"column":53}}]},"29":{"loc":{"start":{"line":218,"column":17},"end":{"line":218,"column":75}},"type":"cond-expr","locations":[{"start":{"line":218,"column":31},"end":{"line":218,"column":50}},{"start":{"line":218,"column":53},"end":{"line":218,"column":75}}]},"30":{"loc":{"start":{"line":218,"column":53},"end":{"line":218,"column":75}},"type":"binary-expr","locations":[{"start":{"line":218,"column":53},"end":{"line":218,"column":65}},{"start":{"line":218,"column":69},"end":{"line":218,"column":75}}]},"31":{"loc":{"start":{"line":219,"column":17},"end":{"line":219,"column":75}},"type":"cond-expr","locations":[{"start":{"line":219,"column":31},"end":{"line":219,"column":50}},{"start":{"line":219,"column":53},"end":{"line":219,"column":75}}]},"32":{"loc":{"start":{"line":219,"column":53},"end":{"line":219,"column":75}},"type":"binary-expr","locations":[{"start":{"line":219,"column":53},"end":{"line":219,"column":65}},{"start":{"line":219,"column":69},"end":{"line":219,"column":75}}]},"33":{"loc":{"start":{"line":221,"column":22},"end":{"line":221,"column":88}},"type":"cond-expr","locations":[{"start":{"line":221,"column":36},"end":{"line":221,"column":55}},{"start":{"line":221,"column":58},"end":{"line":221,"column":88}}]},"34":{"loc":{"start":{"line":221,"column":58},"end":{"line":221,"column":88}},"type":"binary-expr","locations":[{"start":{"line":221,"column":58},"end":{"line":221,"column":65}},{"start":{"line":221,"column":69},"end":{"line":221,"column":88}}]},"35":{"loc":{"start":{"line":229,"column":8},"end":{"line":256,"column":9}},"type":"if","locations":[{"start":{"line":229,"column":8},"end":{"line":256,"column":9}},{"start":{},"end":{}}]},"36":{"loc":{"start":{"line":231,"column":10},"end":{"line":255,"column":11}},"type":"if","locations":[{"start":{"line":231,"column":10},"end":{"line":255,"column":11}},{"start":{},"end":{}}]},"37":{"loc":{"start":{"line":238,"column":26},"end":{"line":238,"column":55}},"type":"binary-expr","locations":[{"start":{"line":238,"column":26},"end":{"line":238,"column":50}},{"start":{"line":238,"column":54},"end":{"line":238,"column":55}}]},"38":{"loc":{"start":{"line":239,"column":14},"end":{"line":239,"column":62}},"type":"if","locations":[{"start":{"line":239,"column":14},"end":{"line":239,"column":62}},{"start":{},"end":{}}]},"39":{"loc":{"start":{"line":262,"column":8},"end":{"line":264,"column":77}},"type":"cond-expr","locations":[{"start":{"line":263,"column":12},"end":{"line":263,"column":21}},{"start":{"line":264,"column":12},"end":{"line":264,"column":77}}]},"40":{"loc":{"start":{"line":262,"column":8},"end":{"line":262,"column":61}},"type":"binary-expr","locations":[{"start":{"line":262,"column":8},"end":{"line":262,"column":26}},{"start":{"line":262,"column":30},"end":{"line":262,"column":61}}]},"41":{"loc":{"start":{"line":282,"column":4},"end":{"line":282,"column":39}},"type":"if","locations":[{"start":{"line":282,"column":4},"end":{"line":282,"column":39}},{"start":{},"end":{}}]}},"s":{"0":0,"1":0,"2":0,"3":0,"4":0,"5":0,"6":0,"7":0,"8":0,"9":0,"10":0,"11":0,"12":0,"13":0,"14":0,"15":0,"16":0,"17":0,"18":0,"19":0,"20":0,"21":0,"22":0,"23":0,"24":0,"25":0,"26":0,"27":0,"28":0,"29":0,"30":0,"31":0,"32":0,"33":0,"34":0,"35":0,"36":0,"37":0,"38":0,"39":0,"40":0,"41":0,"42":0,"43":0,"44":0,"45":0,"46":0,"47":0,"48":0,"49":0,"50":0,"51":0,"52":0,"53":0,"54":0,"55":0,"56":0,"57":0,"58":0,"59":0,"60":0,"61":0,"62":0,"63":0,"64":0,"65":0,"66":0,"67":0,"68":0,"69":0,"70":0,"71":0,"72":0,"73":0,"74":0,"75":0,"76":0,"77":0,"78":0,"79":0,"80":0,"81":0,"82":0,"83":0,"84":0,"85":0,"86":0,"87":0,"88":0,"89":0,"90":0},"f":{"0":0,"1":0,"2":0,"3":0,"4":0,"5":0,"6":0,"7":0,"8":0,"9":0,"10":0,"11":0,"12":0,"13":0,"14":0,"15":0,"16":0,"17":0},"b":{"0":[0,0,0,0,0,0,0],"1":[0,0],"2":[0,0],"3":[0,0],"4":[0,0],"5":[0,0],"6":[0,0,0],"7":[0,0],"8":[0,0],"9":[0,0],"10":[0,0],"11":[0,0],"12":[0,0],"13":[0,0],"14":[0,0],"15":[0,0],"16":[0,0],"17":[0,0],"18":[0,0],"19":[0,0],"20":[0,0],"21":[0,0],"22":[0,0],"23":[0,0],"24":[0,0],"25":[0,0],"26":[0,0],"27":[0,0],"28":[0,0],"29":[0,0],"30":[0,0],"31":[0,0],"32":[0,0],"33":[0,0],"34":[0,0],"35":[0,0],"36":[0,0],"37":[0,0],"38":[0,0],"39":[0,0],"40":[0,0],"41":[0,0]}}
,"/home/asus/Project/MateFi/frontend/src/hooks/useMounted.ts": {"path":"/home/asus/Project/MateFi/frontend/src/hooks/useMounted.ts","statementMap":{"0":{"start":{"line":9,"column":0},"end":{"line":9,"column":16}},"1":{"start":{"line":7,"column":0},"end":{"line":7,"column":44}},"2":{"start":{"line":10,"column":32},"end":{"line":10,"column":47}},"3":{"start":{"line":11,"column":2},"end":{"line":11,"column":40}},"4":{"start":{"line":11,"column":18},"end":{"line":11,"column":34}},"5":{"start":{"line":12,"column":2},"end":{"line":12,"column":17}}},"fnMap":{"0":{"name":"useMounted","decl":{"start":{"line":9,"column":16},"end":{"line":9,"column":26}},"loc":{"start":{"line":9,"column":26},"end":{"line":13,"column":1}}},"1":{"name":"(anonymous_1)","decl":{"start":{"line":11,"column":12},"end":{"line":11,"column":15}},"loc":{"start":{"line":11,"column":18},"end":{"line":11,"column":34}}}},"branchMap":{},"s":{"0":0,"1":0,"2":0,"3":0,"4":0,"5":0},"f":{"0":0,"1":0},"b":{}}
,"/home/asus/Project/MateFi/frontend/src/hooks/useTrading.ts": {"path":"/home/asus/Project/MateFi/frontend/src/hooks/useTrading.ts","statementMap":{"0":{"start":{"line":15,"column":0},"end":{"line":15,"column":16}},"1":{"start":{"line":27,"column":0},"end":{"line":27,"column":16}},"2":{"start":{"line":40,"column":0},"end":{"line":40,"column":16}},"3":{"start":{"line":5,"column":0},"end":{"line":5,"column":46}},"4":{"start":{"line":6,"column":0},"end":{"line":6,"column":72}},"5":{"start":{"line":7,"column":0},"end":{"line":7,"column":43}},"6":{"start":{"line":8,"column":0},"end":{"line":8,"column":40}},"7":{"start":{"line":16,"column":16},"end":{"line":16,"column":58}},"8":{"start":{"line":17,"column":2},"end":{"line":17,"column":61}},"9":{"start":{"line":17,"column":18},"end":{"line":17,"column":61}},"10":{"start":{"line":18,"column":14},"end":{"line":18,"column":26}},"11":{"start":{"line":19,"column":2},"end":{"line":23,"column":4}},"12":{"start":{"line":28,"column":2},"end":{"line":28,"column":27}},"13":{"start":{"line":28,"column":18},"end":{"line":28,"column":27}},"14":{"start":{"line":29,"column":2},"end":{"line":29,"column":30}},"15":{"start":{"line":41,"column":22},"end":{"line":41,"column":33}},"16":{"start":{"line":42,"column":32},"end":{"line":42,"column":47}},"17":{"start":{"line":43,"column":28},"end":{"line":43,"column":57}},"18":{"start":{"line":44,"column":32},"end":{"line":44,"column":47}},"19":{"start":{"line":46,"column":16},"end":{"line":49,"column":8}},"20":{"start":{"line":47,"column":4},"end":{"line":47,"column":19}},"21":{"start":{"line":48,"column":4},"end":{"line":48,"column":22}},"22":{"start":{"line":51,"column":19},"end":{"line":89,"column":null}},"23":{"start":{"line":53,"column":6},"end":{"line":53,"column":21}},"24":{"start":{"line":54,"column":6},"end":{"line":54,"column":24}},"25":{"start":{"line":56,"column":6},"end":{"line":59,"column":7}},"26":{"start":{"line":57,"column":8},"end":{"line":57,"column":55}},"27":{"start":{"line":58,"column":8},"end":{"line":58,"column":21}},"28":{"start":{"line":62,"column":6},"end":{"line":67,"column":7}},"29":{"start":{"line":63,"column":8},"end":{"line":63,"column":50}},"30":{"start":{"line":65,"column":8},"end":{"line":65,"column":47}},"31":{"start":{"line":66,"column":8},"end":{"line":66,"column":21}},"32":{"start":{"line":68,"column":6},"end":{"line":71,"column":7}},"33":{"start":{"line":69,"column":8},"end":{"line":69,"column":43}},"34":{"start":{"line":70,"column":8},"end":{"line":70,"column":21}},"35":{"start":{"line":73,"column":6},"end":{"line":73,"column":23}},"36":{"start":{"line":74,"column":6},"end":{"line":87,"column":7}},"37":{"start":{"line":75,"column":8},"end":{"line":75,"column":67}},"38":{"start":{"line":76,"column":8},"end":{"line":76,"column":25}},"39":{"start":{"line":77,"column":8},"end":{"line":77,"column":20}},"40":{"start":{"line":79,"column":8},"end":{"line":83,"column":9}},"41":{"start":{"line":80,"column":10},"end":{"line":80,"column":30}},"42":{"start":{"line":82,"column":10},"end":{"line":82,"column":75}},"43":{"start":{"line":84,"column":8},"end":{"line":84,"column":21}},"44":{"start":{"line":86,"column":8},"end":{"line":86,"column":26}},"45":{"start":{"line":92,"column":2},"end":{"line":92,"column":54}}},"fnMap":{"0":{"name":"deriveOddsFromPools","decl":{"start":{"line":15,"column":16},"end":{"line":15,"column":35}},"loc":{"start":{"line":15,"column":52},"end":{"line":24,"column":1}}},"1":{"name":"impliedProbability","decl":{"start":{"line":27,"column":16},"end":{"line":27,"column":34}},"loc":{"start":{"line":27,"column":62},"end":{"line":30,"column":1}}},"2":{"name":"useTrading","decl":{"start":{"line":40,"column":16},"end":{"line":40,"column":26}},"loc":{"start":{"line":40,"column":42},"end":{"line":93,"column":1}}},"3":{"name":"(anonymous_3)","decl":{"start":{"line":46,"column":28},"end":{"line":46,"column":31}},"loc":{"start":{"line":46,"column":33},"end":{"line":49,"column":3}}},"4":{"name":"(anonymous_4)","decl":{"start":{"line":52,"column":4},"end":{"line":52,"column":9}},"loc":{"start":{"line":52,"column":69},"end":{"line":88,"column":5}}}},"branchMap":{"0":{"loc":{"start":{"line":17,"column":2},"end":{"line":17,"column":61}},"type":"if","locations":[{"start":{"line":17,"column":2},"end":{"line":17,"column":61}},{"start":{},"end":{}}]},"1":{"loc":{"start":{"line":20,"column":11},"end":{"line":20,"column":70}},"type":"cond-expr","locations":[{"start":{"line":20,"column":29},"end":{"line":20,"column":66}},{"start":{"line":20,"column":69},"end":{"line":20,"column":70}}]},"2":{"loc":{"start":{"line":21,"column":11},"end":{"line":21,"column":70}},"type":"cond-expr","locations":[{"start":{"line":21,"column":29},"end":{"line":21,"column":66}},{"start":{"line":21,"column":69},"end":{"line":21,"column":70}}]},"3":{"loc":{"start":{"line":22,"column":14},"end":{"line":22,"column":79}},"type":"cond-expr","locations":[{"start":{"line":22,"column":35},"end":{"line":22,"column":75}},{"start":{"line":22,"column":78},"end":{"line":22,"column":79}}]},"4":{"loc":{"start":{"line":28,"column":2},"end":{"line":28,"column":27}},"type":"if","locations":[{"start":{"line":28,"column":2},"end":{"line":28,"column":27}},{"start":{},"end":{}}]},"5":{"loc":{"start":{"line":56,"column":6},"end":{"line":59,"column":7}},"type":"if","locations":[{"start":{"line":56,"column":6},"end":{"line":59,"column":7}},{"start":{},"end":{}}]},"6":{"loc":{"start":{"line":68,"column":6},"end":{"line":71,"column":7}},"type":"if","locations":[{"start":{"line":68,"column":6},"end":{"line":71,"column":7}},{"start":{},"end":{}}]},"7":{"loc":{"start":{"line":79,"column":8},"end":{"line":83,"column":9}},"type":"if","locations":[{"start":{"line":79,"column":8},"end":{"line":83,"column":9}},{"start":{"line":81,"column":15},"end":{"line":83,"column":9}}]},"8":{"loc":{"start":{"line":82,"column":19},"end":{"line":82,"column":73}},"type":"cond-expr","locations":[{"start":{"line":82,"column":40},"end":{"line":82,"column":49}},{"start":{"line":82,"column":52},"end":{"line":82,"column":73}}]}},"s":{"0":0,"1":0,"2":0,"3":0,"4":0,"5":0,"6":0,"7":0,"8":0,"9":0,"10":0,"11":0,"12":0,"13":0,"14":0,"15":0,"16":0,"17":0,"18":0,"19":0,"20":0,"21":0,"22":0,"23":0,"24":0,"25":0,"26":0,"27":0,"28":0,"29":0,"30":0,"31":0,"32":0,"33":0,"34":0,"35":0,"36":0,"37":0,"38":0,"39":0,"40":0,"41":0,"42":0,"43":0,"44":0,"45":0},"f":{"0":0,"1":0,"2":0,"3":0,"4":0},"b":{"0":[0,0],"1":[0,0],"2":[0,0],"3":[0,0],"4":[0,0],"5":[0,0],"6":[0,0],"7":[0,0],"8":[0,0]}}
,"/home/asus/Project/MateFi/frontend/src/hooks/useWallet.ts": {"path":"/home/asus/Project/MateFi/frontend/src/hooks/useWallet.ts","statementMap":{"0":{"start":{"line":81,"column":0},"end":{"line":81,"column":7}},"1":{"start":{"line":93,"column":0},"end":{"line":93,"column":16}},"2":{"start":{"line":6,"column":0},"end":{"line":6,"column":33}},"3":{"start":{"line":7,"column":0},"end":{"line":7,"column":64}},"4":{"start":{"line":8,"column":0},"end":{"line":8,"column":39}},"5":{"start":{"line":20,"column":13},"end":{"line":75,"column":2}},"6":{"start":{"line":22,"column":19},"end":{"line":68,"column":6}},"7":{"start":{"line":29,"column":8},"end":{"line":29,"column":37}},"8":{"start":{"line":29,"column":30},"end":{"line":29,"column":37}},"9":{"start":{"line":30,"column":8},"end":{"line":30,"column":47}},"10":{"start":{"line":31,"column":8},"end":{"line":54,"column":9}},"11":{"start":{"line":32,"column":22},"end":{"line":32,"column":36}},"12":{"start":{"line":33,"column":10},"end":{"line":48,"column":13}},"13":{"start":{"line":36,"column":14},"end":{"line":45,"column":15}},"14":{"start":{"line":37,"column":16},"end":{"line":37,"column":41}},"15":{"start":{"line":38,"column":36},"end":{"line":38,"column":58}},"16":{"start":{"line":39,"column":16},"end":{"line":39,"column":86}},"17":{"start":{"line":41,"column":16},"end":{"line":44,"column":19}},"18":{"start":{"line":47,"column":28},"end":{"line":47,"column":54}},"19":{"start":{"line":50,"column":10},"end":{"line":53,"column":13}},"20":{"start":{"line":58,"column":8},"end":{"line":63,"column":9}},"21":{"start":{"line":59,"column":22},"end":{"line":59,"column":36}},"22":{"start":{"line":60,"column":10},"end":{"line":60,"column":33}},"23":{"start":{"line":64,"column":8},"end":{"line":64,"column":60}},"24":{"start":{"line":67,"column":24},"end":{"line":67,"column":44}},"25":{"start":{"line":71,"column":39},"end":{"line":71,"column":51}},"26":{"start":{"line":72,"column":26},"end":{"line":72,"column":70}},"27":{"start":{"line":82,"column":23},"end":{"line":82,"column":48}},"28":{"start":{"line":83,"column":2},"end":{"line":83,"column":24}},"29":{"start":{"line":83,"column":17},"end":{"line":83,"column":24}},"30":{"start":{"line":84,"column":2},"end":{"line":89,"column":3}},"31":{"start":{"line":85,"column":16},"end":{"line":85,"column":30}},"32":{"start":{"line":86,"column":4},"end":{"line":86,"column":28}},"33":{"start":{"line":94,"column":18},"end":{"line":94,"column":50}},"34":{"start":{"line":94,"column":40},"end":{"line":94,"column":49}},"35":{"start":{"line":95,"column":21},"end":{"line":95,"column":56}},"36":{"start":{"line":95,"column":43},"end":{"line":95,"column":55}},"37":{"start":{"line":96,"column":16},"end":{"line":96,"column":46}},"38":{"start":{"line":96,"column":38},"end":{"line":96,"column":45}},"39":{"start":{"line":97,"column":18},"end":{"line":97,"column":50}},"40":{"start":{"line":97,"column":40},"end":{"line":97,"column":49}},"41":{"start":{"line":98,"column":21},"end":{"line":98,"column":56}},"42":{"start":{"line":98,"column":43},"end":{"line":98,"column":55}},"43":{"start":{"line":99,"column":21},"end":{"line":99,"column":56}},"44":{"start":{"line":99,"column":43},"end":{"line":99,"column":55}},"45":{"start":{"line":100,"column":2},"end":{"line":100,"column":73}}},"fnMap":{"0":{"name":"(anonymous_0)","decl":{"start":{"line":22,"column":4},"end":{"line":22,"column":5}},"loc":{"start":{"line":22,"column":19},"end":{"line":68,"column":6}}},"1":{"name":"(anonymous_1)","decl":{"start":{"line":28,"column":15},"end":{"line":28,"column":20}},"loc":{"start":{"line":28,"column":26},"end":{"line":55,"column":7}}},"2":{"name":"(anonymous_2)","decl":{"start":{"line":35,"column":30},"end":{"line":35,"column":35}},"loc":{"start":{"line":35,"column":47},"end":{"line":46,"column":13}}},"3":{"name":"(anonymous_3)","decl":{"start":{"line":47,"column":22},"end":{"line":47,"column":25}},"loc":{"start":{"line":47,"column":28},"end":{"line":47,"column":54}}},"4":{"name":"(anonymous_4)","decl":{"start":{"line":57,"column":18},"end":{"line":57,"column":23}},"loc":{"start":{"line":57,"column":29},"end":{"line":65,"column":7}}},"5":{"name":"(anonymous_5)","decl":{"start":{"line":67,"column":18},"end":{"line":67,"column":21}},"loc":{"start":{"line":67,"column":24},"end":{"line":67,"column":44}}},"6":{"name":"(anonymous_6)","decl":{"start":{"line":71,"column":33},"end":{"line":71,"column":36}},"loc":{"start":{"line":71,"column":39},"end":{"line":71,"column":51}}},"7":{"name":"(anonymous_7)","decl":{"start":{"line":72,"column":18},"end":{"line":72,"column":19}},"loc":{"start":{"line":72,"column":26},"end":{"line":72,"column":70}}},"8":{"name":"ensureKitWallet","decl":{"start":{"line":81,"column":22},"end":{"line":81,"column":37}},"loc":{"start":{"line":81,"column":37},"end":{"line":90,"column":1}}},"9":{"name":"useWallet","decl":{"start":{"line":93,"column":16},"end":{"line":93,"column":25}},"loc":{"start":{"line":93,"column":25},"end":{"line":101,"column":1}}},"10":{"name":"(anonymous_10)","decl":{"start":{"line":94,"column":33},"end":{"line":94,"column":34}},"loc":{"start":{"line":94,"column":40},"end":{"line":94,"column":49}}},"11":{"name":"(anonymous_11)","decl":{"start":{"line":95,"column":36},"end":{"line":95,"column":37}},"loc":{"start":{"line":95,"column":43},"end":{"line":95,"column":55}}},"12":{"name":"(anonymous_12)","decl":{"start":{"line":96,"column":31},"end":{"line":96,"column":32}},"loc":{"start":{"line":96,"column":38},"end":{"line":96,"column":45}}},"13":{"name":"(anonymous_13)","decl":{"start":{"line":97,"column":33},"end":{"line":97,"column":34}},"loc":{"start":{"line":97,"column":40},"end":{"line":97,"column":49}}},"14":{"name":"(anonymous_14)","decl":{"start":{"line":98,"column":36},"end":{"line":98,"column":37}},"loc":{"start":{"line":98,"column":43},"end":{"line":98,"column":55}}},"15":{"name":"(anonymous_15)","decl":{"start":{"line":99,"column":36},"end":{"line":99,"column":37}},"loc":{"start":{"line":99,"column":43},"end":{"line":99,"column":55}}}},"branchMap":{"0":{"loc":{"start":{"line":29,"column":8},"end":{"line":29,"column":37}},"type":"if","locations":[{"start":{"line":29,"column":8},"end":{"line":29,"column":37}},{"start":{},"end":{}}]},"1":{"loc":{"start":{"line":43,"column":25},"end":{"line":43,"column":89}},"type":"cond-expr","locations":[{"start":{"line":43,"column":46},"end":{"line":43,"column":55}},{"start":{"line":43,"column":58},"end":{"line":43,"column":89}}]},"2":{"loc":{"start":{"line":52,"column":19},"end":{"line":52,"column":82}},"type":"cond-expr","locations":[{"start":{"line":52,"column":40},"end":{"line":52,"column":49}},{"start":{"line":52,"column":52},"end":{"line":52,"column":82}}]},"3":{"loc":{"start":{"line":83,"column":2},"end":{"line":83,"column":24}},"type":"if","locations":[{"start":{"line":83,"column":2},"end":{"line":83,"column":24}},{"start":{},"end":{}}]}},"s":{"0":0,"1":0,"2":0,"3":0,"4":0,"5":0,"6":0,"7":0,"8":0,"9":0,"10":0,"11":0,"12":0,"13":0,"14":0,"15":0,"16":0,"17":0,"18":0,"19":0,"20":0,"21":0,"22":0,"23":0,"24":0,"25":0,"26":0,"27":0,"28":0,"29":0,"30":0,"31":0,"32":0,"33":0,"34":0,"35":0,"36":0,"37":0,"38":0,"39":0,"40":0,"41":0,"42":0,"43":0,"44":0,"45":0},"f":{"0":0,"1":0,"2":0,"3":0,"4":0,"5":0,"6":0,"7":0,"8":0,"9":0,"10":0,"11":0,"12":0,"13":0,"14":0,"15":0},"b":{"0":[0,0],"1":[0,0],"2":[0,0],"3":[0,0]}}
,"/home/asus/Project/MateFi/frontend/src/hooks/useWebSocket.ts": {"path":"/home/asus/Project/MateFi/frontend/src/hooks/useWebSocket.ts","statementMap":{"0":{"start":{"line":18,"column":0},"end":{"line":18,"column":16}},"1":{"start":{"line":6,"column":0},"end":{"line":6,"column":65}},"2":{"start":{"line":7,"column":0},"end":{"line":7,"column":39}},"3":{"start":{"line":14,"column":24},"end":{"line":14,"column":29}},"4":{"start":{"line":15,"column":23},"end":{"line":15,"column":26}},"5":{"start":{"line":16,"column":23},"end":{"line":16,"column":29}},"6":{"start":{"line":22,"column":30},"end":{"line":22,"column":62}},"7":{"start":{"line":23,"column":16},"end":{"line":23,"column":46}},"8":{"start":{"line":26,"column":21},"end":{"line":26,"column":36}},"9":{"start":{"line":27,"column":2},"end":{"line":27,"column":31}},"10":{"start":{"line":29,"column":2},"end":{"line":95,"column":16}},"11":{"start":{"line":30,"column":4},"end":{"line":30,"column":25}},"12":{"start":{"line":30,"column":18},"end":{"line":30,"column":25}},"13":{"start":{"line":32,"column":19},"end":{"line":32,"column":24}},"14":{"start":{"line":33,"column":18},"end":{"line":33,"column":19}},"15":{"start":{"line":36,"column":30},"end":{"line":44,"column":5}},"16":{"start":{"line":37,"column":6},"end":{"line":37,"column":27}},"17":{"start":{"line":37,"column":20},"end":{"line":37,"column":27}},"18":{"start":{"line":38,"column":20},"end":{"line":40,"column":null}},"19":{"start":{"line":42,"column":6},"end":{"line":42,"column":19}},"20":{"start":{"line":43,"column":6},"end":{"line":43,"column":41}},"21":{"start":{"line":46,"column":20},"end":{"line":85,"column":5}},"22":{"start":{"line":47,"column":6},"end":{"line":47,"column":27}},"23":{"start":{"line":47,"column":20},"end":{"line":47,"column":27}},"24":{"start":{"line":48,"column":6},"end":{"line":48,"column":30}},"25":{"start":{"line":51,"column":6},"end":{"line":57,"column":7}},"26":{"start":{"line":52,"column":8},"end":{"line":52,"column":79}},"27":{"start":{"line":54,"column":8},"end":{"line":54,"column":28}},"28":{"start":{"line":55,"column":8},"end":{"line":55,"column":28}},"29":{"start":{"line":56,"column":8},"end":{"line":56,"column":15}},"30":{"start":{"line":58,"column":6},"end":{"line":58,"column":25}},"31":{"start":{"line":60,"column":6},"end":{"line":63,"column":8}},"32":{"start":{"line":61,"column":8},"end":{"line":61,"column":20}},"33":{"start":{"line":62,"column":8},"end":{"line":62,"column":26}},"34":{"start":{"line":65,"column":6},"end":{"line":72,"column":8}},"35":{"start":{"line":66,"column":8},"end":{"line":71,"column":9}},"36":{"start":{"line":67,"column":23},"end":{"line":67,"column":52}},"37":{"start":{"line":68,"column":10},"end":{"line":68,"column":78}},"38":{"start":{"line":68,"column":53},"end":{"line":68,"column":78}},"39":{"start":{"line":74,"column":6},"end":{"line":80,"column":8}},"40":{"start":{"line":75,"column":8},"end":{"line":75,"column":55}},"41":{"start":{"line":75,"column":34},"end":{"line":75,"column":55}},"42":{"start":{"line":76,"column":8},"end":{"line":79,"column":9}},"43":{"start":{"line":77,"column":10},"end":{"line":77,"column":30}},"44":{"start":{"line":78,"column":10},"end":{"line":78,"column":30}},"45":{"start":{"line":82,"column":6},"end":{"line":84,"column":8}},"46":{"start":{"line":83,"column":8},"end":{"line":83,"column":19}},"47":{"start":{"line":87,"column":4},"end":{"line":87,"column":14}},"48":{"start":{"line":89,"column":4},"end":{"line":94,"column":6}},"49":{"start":{"line":90,"column":6},"end":{"line":90,"column":22}},"50":{"start":{"line":91,"column":6},"end":{"line":91,"column":37}},"51":{"start":{"line":91,"column":17},"end":{"line":91,"column":37}},"52":{"start":{"line":92,"column":6},"end":{"line":92,"column":29}},"53":{"start":{"line":93,"column":6},"end":{"line":93,"column":27}},"54":{"start":{"line":97,"column":15},"end":{"line":101,"column":8}},"55":{"start":{"line":98,"column":4},"end":{"line":100,"column":5}},"56":{"start":{"line":99,"column":6},"end":{"line":99,"column":47}},"57":{"start":{"line":103,"column":2},"end":{"line":103,"column":26}}},"fnMap":{"0":{"name":"useWebSocket","decl":{"start":{"line":18,"column":16},"end":{"line":18,"column":28}},"loc":{"start":{"line":20,"column":35},"end":{"line":104,"column":1}}},"1":{"name":"(anonymous_1)","decl":{"start":{"line":29,"column":12},"end":{"line":29,"column":15}},"loc":{"start":{"line":29,"column":17},"end":{"line":95,"column":3}}},"2":{"name":"(anonymous_2)","decl":{"start":{"line":36,"column":30},"end":{"line":36,"column":33}},"loc":{"start":{"line":36,"column":35},"end":{"line":44,"column":5}}},"3":{"name":"(anonymous_3)","decl":{"start":{"line":46,"column":20},"end":{"line":46,"column":23}},"loc":{"start":{"line":46,"column":25},"end":{"line":85,"column":5}}},"4":{"name":"(anonymous_4)","decl":{"start":{"line":60,"column":18},"end":{"line":60,"column":21}},"loc":{"start":{"line":60,"column":23},"end":{"line":63,"column":7}}},"5":{"name":"(anonymous_5)","decl":{"start":{"line":65,"column":21},"end":{"line":65,"column":22}},"loc":{"start":{"line":65,"column":27},"end":{"line":72,"column":7}}},"6":{"name":"(anonymous_6)","decl":{"start":{"line":74,"column":19},"end":{"line":74,"column":22}},"loc":{"start":{"line":74,"column":24},"end":{"line":80,"column":7}}},"7":{"name":"(anonymous_7)","decl":{"start":{"line":82,"column":19},"end":{"line":82,"column":22}},"loc":{"start":{"line":82,"column":24},"end":{"line":84,"column":7}}},"8":{"name":"(anonymous_8)","decl":{"start":{"line":89,"column":11},"end":{"line":89,"column":14}},"loc":{"start":{"line":89,"column":16},"end":{"line":94,"column":5}}},"9":{"name":"(anonymous_9)","decl":{"start":{"line":97,"column":27},"end":{"line":97,"column":28}},"loc":{"start":{"line":97,"column":44},"end":{"line":101,"column":3}}}},"branchMap":{"0":{"loc":{"start":{"line":30,"column":4},"end":{"line":30,"column":25}},"type":"if","locations":[{"start":{"line":30,"column":4},"end":{"line":30,"column":25}},{"start":{},"end":{}}]},"1":{"loc":{"start":{"line":37,"column":6},"end":{"line":37,"column":27}},"type":"if","locations":[{"start":{"line":37,"column":6},"end":{"line":37,"column":27}},{"start":{},"end":{}}]},"2":{"loc":{"start":{"line":47,"column":6},"end":{"line":47,"column":27}},"type":"if","locations":[{"start":{"line":47,"column":6},"end":{"line":47,"column":27}},{"start":{},"end":{}}]},"3":{"loc":{"start":{"line":68,"column":10},"end":{"line":68,"column":78}},"type":"if","locations":[{"start":{"line":68,"column":10},"end":{"line":68,"column":78}},{"start":{},"end":{}}]},"4":{"loc":{"start":{"line":68,"column":14},"end":{"line":68,"column":51}},"type":"binary-expr","locations":[{"start":{"line":68,"column":14},"end":{"line":68,"column":18}},{"start":{"line":68,"column":22},"end":{"line":68,"column":51}}]},"5":{"loc":{"start":{"line":75,"column":8},"end":{"line":75,"column":55}},"type":"if","locations":[{"start":{"line":75,"column":8},"end":{"line":75,"column":55}},{"start":{},"end":{}}]},"6":{"loc":{"start":{"line":76,"column":8},"end":{"line":79,"column":9}},"type":"if","locations":[{"start":{"line":76,"column":8},"end":{"line":79,"column":9}},{"start":{},"end":{}}]},"7":{"loc":{"start":{"line":91,"column":6},"end":{"line":91,"column":37}},"type":"if","locations":[{"start":{"line":91,"column":6},"end":{"line":91,"column":37}},{"start":{},"end":{}}]},"8":{"loc":{"start":{"line":98,"column":4},"end":{"line":100,"column":5}},"type":"if","locations":[{"start":{"line":98,"column":4},"end":{"line":100,"column":5}},{"start":{},"end":{}}]}},"s":{"0":0,"1":0,"2":0,"3":0,"4":0,"5":0,"6":0,"7":0,"8":0,"9":0,"10":0,"11":0,"12":0,"13":0,"14":0,"15":0,"16":0,"17":0,"18":0,"19":0,"20":0,"21":0,"22":0,"23":0,"24":0,"25":0,"26":0,"27":0,"28":0,"29":0,"30":0,"31":0,"32":0,"33":0,"34":0,"35":0,"36":0,"37":0,"38":0,"39":0,"40":0,"41":0,"42":0,"43":0,"44":0,"45":0,"46":0,"47":0,"48":0,"49":0,"50":0,"51":0,"52":0,"53":0,"54":0,"55":0,"56":0,"57":0},"f":{"0":0,"1":0,"2":0,"3":0,"4":0,"5":0,"6":0,"7":0,"8":0,"9":0},"b":{"0":[0,0],"1":[0,0],"2":[0,0],"3":[0,0],"4":[0,0],"5":[0,0],"6":[0,0],"7":[0,0],"8":[0,0]}}
,"/home/asus/Project/MateFi/frontend/src/hooks/useXlmBalance.ts": {"path":"/home/asus/Project/MateFi/frontend/src/hooks/useXlmBalance.ts","statementMap":{"0":{"start":{"line":18,"column":0},"end":{"line":18,"column":16}},"1":{"start":{"line":3,"column":0},"end":{"line":3,"column":46}},"2":{"start":{"line":4,"column":0},"end":{"line":4,"column":52}},"3":{"start":{"line":19,"column":28},"end":{"line":24,"column":4}},"4":{"start":{"line":26,"column":23},"end":{"line":53,"column":15}},"5":{"start":{"line":27,"column":4},"end":{"line":27,"column":25}},"6":{"start":{"line":27,"column":18},"end":{"line":27,"column":25}},"7":{"start":{"line":28,"column":4},"end":{"line":28,"column":60}},"8":{"start":{"line":28,"column":21},"end":{"line":28,"column":57}},"9":{"start":{"line":29,"column":4},"end":{"line":52,"column":5}},"10":{"start":{"line":30,"column":18},"end":{"line":30,"column":75}},"11":{"start":{"line":31,"column":6},"end":{"line":34,"column":7}},"12":{"start":{"line":32,"column":8},"end":{"line":32,"column":79}},"13":{"start":{"line":33,"column":8},"end":{"line":33,"column":15}},"14":{"start":{"line":35,"column":6},"end":{"line":37,"column":7}},"15":{"start":{"line":36,"column":8},"end":{"line":36,"column":61}},"16":{"start":{"line":38,"column":51},"end":{"line":38,"column":67}},"17":{"start":{"line":39,"column":21},"end":{"line":39,"column":73}},"18":{"start":{"line":39,"column":47},"end":{"line":39,"column":72}},"19":{"start":{"line":40,"column":6},"end":{"line":45,"column":9}},"20":{"start":{"line":47,"column":6},"end":{"line":51,"column":10}},"21":{"start":{"line":47,"column":23},"end":{"line":51,"column":8}},"22":{"start":{"line":55,"column":2},"end":{"line":55,"column":36}}},"fnMap":{"0":{"name":"useXlmBalance","decl":{"start":{"line":18,"column":16},"end":{"line":18,"column":29}},"loc":{"start":{"line":18,"column":52},"end":{"line":56,"column":1}}},"1":{"name":"(anonymous_1)","decl":{"start":{"line":26,"column":35},"end":{"line":26,"column":40}},"loc":{"start":{"line":26,"column":46},"end":{"line":53,"column":3}}},"2":{"name":"(anonymous_2)","decl":{"start":{"line":28,"column":13},"end":{"line":28,"column":14}},"loc":{"start":{"line":28,"column":21},"end":{"line":28,"column":57}}},"3":{"name":"(anonymous_3)","decl":{"start":{"line":39,"column":40},"end":{"line":39,"column":41}},"loc":{"start":{"line":39,"column":47},"end":{"line":39,"column":72}}},"4":{"name":"(anonymous_4)","decl":{"start":{"line":47,"column":15},"end":{"line":47,"column":16}},"loc":{"start":{"line":47,"column":23},"end":{"line":51,"column":8}}}},"branchMap":{"0":{"loc":{"start":{"line":27,"column":4},"end":{"line":27,"column":25}},"type":"if","locations":[{"start":{"line":27,"column":4},"end":{"line":27,"column":25}},{"start":{},"end":{}}]},"1":{"loc":{"start":{"line":31,"column":6},"end":{"line":34,"column":7}},"type":"if","locations":[{"start":{"line":31,"column":6},"end":{"line":34,"column":7}},{"start":{},"end":{}}]},"2":{"loc":{"start":{"line":35,"column":6},"end":{"line":37,"column":7}},"type":"if","locations":[{"start":{"line":35,"column":6},"end":{"line":37,"column":7}},{"start":{},"end":{}}]},"3":{"loc":{"start":{"line":41,"column":17},"end":{"line":41,"column":39}},"type":"binary-expr","locations":[{"start":{"line":41,"column":17},"end":{"line":41,"column":32}},{"start":{"line":41,"column":36},"end":{"line":41,"column":39}}]},"4":{"loc":{"start":{"line":50,"column":15},"end":{"line":50,"column":74}},"type":"cond-expr","locations":[{"start":{"line":50,"column":36},"end":{"line":50,"column":45}},{"start":{"line":50,"column":48},"end":{"line":50,"column":74}}]}},"s":{"0":0,"1":0,"2":0,"3":0,"4":0,"5":0,"6":0,"7":0,"8":0,"9":0,"10":0,"11":0,"12":0,"13":0,"14":0,"15":0,"16":0,"17":0,"18":0,"19":0,"20":0,"21":0,"22":0},"f":{"0":0,"1":0,"2":0,"3":0,"4":0},"b":{"0":[0,0],"1":[0,0],"2":[0,0],"3":[0,0],"4":[0,0]}}
,"/home/asus/Project/MateFi/frontend/src/lib/chess.ts": {"path":"/home/asus/Project/MateFi/frontend/src/lib/chess.ts","statementMap":{"0":{"start":{"line":10,"column":0},"end":{"line":10,"column":16}},"1":{"start":{"line":15,"column":0},"end":{"line":15,"column":16}},"2":{"start":{"line":27,"column":0},"end":{"line":27,"column":16}},"3":{"start":{"line":47,"column":0},"end":{"line":47,"column":16}},"4":{"start":{"line":74,"column":0},"end":{"line":74,"column":16}},"5":{"start":{"line":109,"column":0},"end":{"line":109,"column":16}},"6":{"start":{"line":123,"column":0},"end":{"line":123,"column":16}},"7":{"start":{"line":3,"column":0},"end":{"line":3,"column":33}},"8":{"start":{"line":6,"column":13},"end":{"line":7,"column":61}},"9":{"start":{"line":11,"column":2},"end":{"line":11,"column":47}},"10":{"start":{"line":16,"column":16},"end":{"line":16,"column":24}},"11":{"start":{"line":17,"column":2},"end":{"line":17,"column":63}},"12":{"start":{"line":28,"column":2},"end":{"line":28,"column":62}},"13":{"start":{"line":28,"column":50},"end":{"line":28,"column":62}},"14":{"start":{"line":29,"column":2},"end":{"line":33,"column":4}},"15":{"start":{"line":53,"column":2},"end":{"line":61,"column":3}},"16":{"start":{"line":54,"column":18},"end":{"line":54,"column":32}},"17":{"start":{"line":55,"column":17},"end":{"line":55,"column":52}},"18":{"start":{"line":56,"column":4},"end":{"line":56,"column":27}},"19":{"start":{"line":56,"column":15},"end":{"line":56,"column":27}},"20":{"start":{"line":57,"column":16},"end":{"line":57,"column":63}},"21":{"start":{"line":58,"column":4},"end":{"line":58,"column":65}},"22":{"start":{"line":60,"column":4},"end":{"line":60,"column":16}},"23":{"start":{"line":75,"column":16},"end":{"line":75,"column":27}},"24":{"start":{"line":76,"column":25},"end":{"line":76,"column":27}},"25":{"start":{"line":77,"column":2},"end":{"line":93,"column":3}},"26":{"start":{"line":78,"column":18},"end":{"line":78,"column":31}},"27":{"start":{"line":79,"column":4},"end":{"line":82,"column":5}},"28":{"start":{"line":80,"column":6},"end":{"line":80,"column":21}},"29":{"start":{"line":81,"column":6},"end":{"line":81,"column":15}},"30":{"start":{"line":83,"column":4},"end":{"line":92,"column":5}},"31":{"start":{"line":84,"column":19},"end":{"line":88,"column":8}},"32":{"start":{"line":89,"column":6},"end":{"line":89,"column":39}},"33":{"start":{"line":91,"column":6},"end":{"line":91,"column":21}},"34":{"start":{"line":94,"column":25},"end":{"line":94,"column":27}},"35":{"start":{"line":95,"column":2},"end":{"line":101,"column":3}},"36":{"start":{"line":95,"column":15},"end":{"line":95,"column":16}},"37":{"start":{"line":96,"column":4},"end":{"line":100,"column":7}},"38":{"start":{"line":102,"column":2},"end":{"line":102,"column":14}},"39":{"start":{"line":113,"column":2},"end":{"line":113,"column":39}},"40":{"start":{"line":113,"column":27},"end":{"line":113,"column":39}},"41":{"start":{"line":114,"column":30},"end":{"line":114,"column":83}},"42":{"start":{"line":115,"column":2},"end":{"line":115,"column":49}},"43":{"start":{"line":115,"column":35},"end":{"line":115,"column":49}},"44":{"start":{"line":116,"column":2},"end":{"line":118,"column":3}},"45":{"start":{"line":117,"column":4},"end":{"line":117,"column":50}},"46":{"start":{"line":119,"column":2},"end":{"line":119,"column":14}},"47":{"start":{"line":127,"column":2},"end":{"line":127,"column":59}},"48":{"start":{"line":127,"column":47},"end":{"line":127,"column":59}},"49":{"start":{"line":128,"column":2},"end":{"line":128,"column":74}}},"fnMap":{"0":{"name":"turnFromFen","decl":{"start":{"line":10,"column":16},"end":{"line":10,"column":27}},"loc":{"start":{"line":10,"column":39},"end":{"line":12,"column":1}}},"1":{"name":"cpToDisplay","decl":{"start":{"line":15,"column":16},"end":{"line":15,"column":27}},"loc":{"start":{"line":15,"column":38},"end":{"line":18,"column":1}}},"2":{"name":"parseUci","decl":{"start":{"line":27,"column":16},"end":{"line":27,"column":24}},"loc":{"start":{"line":27,"column":36},"end":{"line":34,"column":1}}},"3":{"name":"tryMove","decl":{"start":{"line":47,"column":16},"end":{"line":47,"column":23}},"loc":{"start":{"line":51,"column":25},"end":{"line":62,"column":1}}},"4":{"name":"uciHistoryToSanRows","decl":{"start":{"line":74,"column":16},"end":{"line":74,"column":35}},"loc":{"start":{"line":74,"column":51},"end":{"line":103,"column":1}}},"5":{"name":"playerColorFor","decl":{"start":{"line":109,"column":16},"end":{"line":109,"column":30}},"loc":{"start":{"line":111,"column":78},"end":{"line":120,"column":1}}},"6":{"name":"winnerAddress","decl":{"start":{"line":123,"column":16},"end":{"line":123,"column":29}},"loc":{"start":{"line":125,"column":59},"end":{"line":129,"column":1}}}},"branchMap":{"0":{"loc":{"start":{"line":11,"column":9},"end":{"line":11,"column":46}},"type":"cond-expr","locations":[{"start":{"line":11,"column":37},"end":{"line":11,"column":40}},{"start":{"line":11,"column":43},"end":{"line":11,"column":46}}]},"1":{"loc":{"start":{"line":17,"column":9},"end":{"line":17,"column":62}},"type":"cond-expr","locations":[{"start":{"line":17,"column":21},"end":{"line":17,"column":43}},{"start":{"line":17,"column":46},"end":{"line":17,"column":62}}]},"2":{"loc":{"start":{"line":28,"column":2},"end":{"line":28,"column":62}},"type":"if","locations":[{"start":{"line":28,"column":2},"end":{"line":28,"column":62}},{"start":{},"end":{}}]},"3":{"loc":{"start":{"line":32,"column":15},"end":{"line":32,"column":52}},"type":"cond-expr","locations":[{"start":{"line":32,"column":34},"end":{"line":32,"column":40}},{"start":{"line":32,"column":43},"end":{"line":32,"column":52}}]},"4":{"loc":{"start":{"line":51,"column":2},"end":{"line":51,"column":25}},"type":"default-arg","locations":[{"start":{"line":51,"column":22},"end":{"line":51,"column":25}}]},"5":{"loc":{"start":{"line":56,"column":4},"end":{"line":56,"column":27}},"type":"if","locations":[{"start":{"line":56,"column":4},"end":{"line":56,"column":27}},{"start":{},"end":{}}]},"6":{"loc":{"start":{"line":57,"column":41},"end":{"line":57,"column":61}},"type":"binary-expr","locations":[{"start":{"line":57,"column":41},"end":{"line":57,"column":55}},{"start":{"line":57,"column":59},"end":{"line":57,"column":61}}]},"7":{"loc":{"start":{"line":79,"column":4},"end":{"line":82,"column":5}},"type":"if","locations":[{"start":{"line":79,"column":4},"end":{"line":82,"column":5}},{"start":{},"end":{}}]},"8":{"loc":{"start":{"line":87,"column":19},"end":{"line":87,"column":41}},"type":"binary-expr","locations":[{"start":{"line":87,"column":19},"end":{"line":87,"column":34}},{"start":{"line":87,"column":38},"end":{"line":87,"column":41}}]},"9":{"loc":{"start":{"line":89,"column":16},"end":{"line":89,"column":37}},"type":"cond-expr","locations":[{"start":{"line":89,"column":23},"end":{"line":89,"column":31}},{"start":{"line":89,"column":34},"end":{"line":89,"column":37}}]},"10":{"loc":{"start":{"line":98,"column":13},"end":{"line":98,"column":28}},"type":"binary-expr","locations":[{"start":{"line":98,"column":13},"end":{"line":98,"column":20}},{"start":{"line":98,"column":24},"end":{"line":98,"column":28}}]},"11":{"loc":{"start":{"line":99,"column":13},"end":{"line":99,"column":32}},"type":"binary-expr","locations":[{"start":{"line":99,"column":13},"end":{"line":99,"column":24}},{"start":{"line":99,"column":28},"end":{"line":99,"column":32}}]},"12":{"loc":{"start":{"line":113,"column":2},"end":{"line":113,"column":39}},"type":"if","locations":[{"start":{"line":113,"column":2},"end":{"line":113,"column":39}},{"start":{},"end":{}}]},"13":{"loc":{"start":{"line":113,"column":6},"end":{"line":113,"column":25}},"type":"binary-expr","locations":[{"start":{"line":113,"column":6},"end":{"line":113,"column":14}},{"start":{"line":113,"column":18},"end":{"line":113,"column":25}}]},"14":{"loc":{"start":{"line":114,"column":30},"end":{"line":114,"column":83}},"type":"cond-expr","locations":[{"start":{"line":114,"column":66},"end":{"line":114,"column":73}},{"start":{"line":114,"column":76},"end":{"line":114,"column":83}}]},"15":{"loc":{"start":{"line":115,"column":2},"end":{"line":115,"column":49}},"type":"if","locations":[{"start":{"line":115,"column":2},"end":{"line":115,"column":49}},{"start":{},"end":{}}]},"16":{"loc":{"start":{"line":116,"column":2},"end":{"line":118,"column":3}},"type":"if","locations":[{"start":{"line":116,"column":2},"end":{"line":118,"column":3}},{"start":{},"end":{}}]},"17":{"loc":{"start":{"line":116,"column":6},"end":{"line":116,"column":52}},"type":"binary-expr","locations":[{"start":{"line":116,"column":6},"end":{"line":116,"column":21}},{"start":{"line":116,"column":25},"end":{"line":116,"column":52}}]},"18":{"loc":{"start":{"line":117,"column":11},"end":{"line":117,"column":49}},"type":"cond-expr","locations":[{"start":{"line":117,"column":32},"end":{"line":117,"column":39}},{"start":{"line":117,"column":42},"end":{"line":117,"column":49}}]},"19":{"loc":{"start":{"line":127,"column":2},"end":{"line":127,"column":59}},"type":"if","locations":[{"start":{"line":127,"column":2},"end":{"line":127,"column":59}},{"start":{},"end":{}}]},"20":{"loc":{"start":{"line":127,"column":6},"end":{"line":127,"column":45}},"type":"binary-expr","locations":[{"start":{"line":127,"column":6},"end":{"line":127,"column":13}},{"start":{"line":127,"column":17},"end":{"line":127,"column":24}},{"start":{"line":127,"column":28},"end":{"line":127,"column":45}}]},"21":{"loc":{"start":{"line":128,"column":9},"end":{"line":128,"column":73}},"type":"cond-expr","locations":[{"start":{"line":128,"column":32},"end":{"line":128,"column":47}},{"start":{"line":128,"column":50},"end":{"line":128,"column":73}}]},"22":{"loc":{"start":{"line":128,"column":50},"end":{"line":128,"column":73}},"type":"binary-expr","locations":[{"start":{"line":128,"column":50},"end":{"line":128,"column":65}},{"start":{"line":128,"column":69},"end":{"line":128,"column":73}}]}},"s":{"0":0,"1":0,"2":0,"3":0,"4":0,"5":0,"6":0,"7":0,"8":0,"9":0,"10":0,"11":0,"12":0,"13":0,"14":0,"15":0,"16":0,"17":0,"18":0,"19":0,"20":0,"21":0,"22":0,"23":0,"24":0,"25":0,"26":0,"27":0,"28":0,"29":0,"30":0,"31":0,"32":0,"33":0,"34":0,"35":0,"36":0,"37":0,"38":0,"39":0,"40":0,"41":0,"42":0,"43":0,"44":0,"45":0,"46":0,"47":0,"48":0,"49":0},"f":{"0":0,"1":0,"2":0,"3":0,"4":0,"5":0,"6":0},"b":{"0":[0,0],"1":[0,0],"2":[0,0],"3":[0,0],"4":[0],"5":[0,0],"6":[0,0],"7":[0,0],"8":[0,0],"9":[0,0],"10":[0,0],"11":[0,0],"12":[0,0],"13":[0,0],"14":[0,0],"15":[0,0],"16":[0,0],"17":[0,0],"18":[0,0],"19":[0,0],"20":[0,0,0],"21":[0,0],"22":[0,0]}}
,"/home/asus/Project/MateFi/frontend/src/lib/contract.ts": {"path":"/home/asus/Project/MateFi/frontend/src/lib/contract.ts","statementMap":{"0":{"start":{"line":43,"column":0},"end":{"line":43,"column":7}},"1":{"start":{"line":101,"column":0},"end":{"line":101,"column":16}},"2":{"start":{"line":113,"column":0},"end":{"line":113,"column":7}},"3":{"start":{"line":11,"column":0},"end":{"line":11,"column":null}},"4":{"start":{"line":20,"column":0},"end":{"line":20,"column":61}},"5":{"start":{"line":23,"column":0},"end":{"line":23,"column":9}},"6":{"start":{"line":23,"column":9},"end":{"line":23,"column":56}},"7":{"start":{"line":25,"column":24},"end":{"line":25,"column":30}},"8":{"start":{"line":26,"column":25},"end":{"line":26,"column":30}},"9":{"start":{"line":28,"column":14},"end":{"line":28,"column":73}},"10":{"start":{"line":28,"column":30},"end":{"line":28,"column":73}},"11":{"start":{"line":28,"column":55},"end":{"line":28,"column":72}},"12":{"start":{"line":49,"column":17},"end":{"line":49,"column":31}},"13":{"start":{"line":50,"column":18},"end":{"line":50,"column":50}},"14":{"start":{"line":51,"column":18},"end":{"line":51,"column":62}},"15":{"start":{"line":53,"column":13},"end":{"line":59,"column":12}},"16":{"start":{"line":61,"column":14},"end":{"line":61,"column":50}},"17":{"start":{"line":62,"column":2},"end":{"line":64,"column":3}},"18":{"start":{"line":63,"column":4},"end":{"line":63,"column":55}},"19":{"start":{"line":66,"column":19},"end":{"line":66,"column":59}},"20":{"start":{"line":67,"column":2},"end":{"line":67,"column":25}},"21":{"start":{"line":69,"column":15},"end":{"line":69,"column":53}},"22":{"start":{"line":70,"column":2},"end":{"line":74,"column":3}},"23":{"start":{"line":71,"column":4},"end":{"line":73,"column":6}},"24":{"start":{"line":76,"column":19},"end":{"line":76,"column":47}},"25":{"start":{"line":77,"column":15},"end":{"line":77,"column":53}},"26":{"start":{"line":78,"column":2},"end":{"line":82,"column":3}},"27":{"start":{"line":79,"column":4},"end":{"line":79,"column":86}},"28":{"start":{"line":79,"column":31},"end":{"line":79,"column":86}},"29":{"start":{"line":80,"column":4},"end":{"line":80,"column":34}},"30":{"start":{"line":81,"column":4},"end":{"line":81,"column":52}},"31":{"start":{"line":84,"column":2},"end":{"line":86,"column":3}},"32":{"start":{"line":85,"column":4},"end":{"line":85,"column":52}},"33":{"start":{"line":89,"column":19},"end":{"line":89,"column":32}},"34":{"start":{"line":90,"column":2},"end":{"line":93,"column":3}},"35":{"start":{"line":91,"column":30},"end":{"line":91,"column":66}},"36":{"start":{"line":92,"column":4},"end":{"line":92,"column":47}},"37":{"start":{"line":94,"column":2},"end":{"line":94,"column":14}},"38":{"start":{"line":104,"column":2},"end":{"line":104,"column":73}},"39":{"start":{"line":104,"column":41},"end":{"line":104,"column":71}},"40":{"start":{"line":119,"column":17},"end":{"line":119,"column":31}},"41":{"start":{"line":120,"column":18},"end":{"line":120,"column":56}},"42":{"start":{"line":122,"column":13},"end":{"line":128,"column":12}},"43":{"start":{"line":130,"column":14},"end":{"line":130,"column":50}},"44":{"start":{"line":131,"column":2},"end":{"line":131,"column":68}},"45":{"start":{"line":131,"column":56},"end":{"line":131,"column":68}},"46":{"start":{"line":133,"column":28},"end":{"line":133,"column":64}},"47":{"start":{"line":134,"column":2},"end":{"line":134,"column":42}}},"fnMap":{"0":{"name":"(anonymous_9)","decl":{"start":{"line":23,"column":9},"end":{"line":23,"column":34}},"loc":{"start":{"line":23,"column":9},"end":{"line":23,"column":56}}},"1":{"name":"(anonymous_10)","decl":{"start":{"line":28,"column":14},"end":{"line":28,"column":15}},"loc":{"start":{"line":28,"column":30},"end":{"line":28,"column":73}}},"2":{"name":"(anonymous_11)","decl":{"start":{"line":28,"column":48},"end":{"line":28,"column":49}},"loc":{"start":{"line":28,"column":55},"end":{"line":28,"column":72}}},"3":{"name":"callContractFunction","decl":{"start":{"line":43,"column":22},"end":{"line":43,"column":42}},"loc":{"start":{"line":47,"column":22},"end":{"line":95,"column":1}}},"4":{"name":"(anonymous_13)","decl":{"start":{"line":91,"column":30},"end":{"line":91,"column":43}},"loc":{"start":{"line":91,"column":30},"end":{"line":91,"column":66}}},"5":{"name":"buildArgs","decl":{"start":{"line":101,"column":16},"end":{"line":101,"column":25}},"loc":{"start":{"line":102,"column":99},"end":{"line":105,"column":1}}},"6":{"name":"(anonymous_15)","decl":{"start":{"line":104,"column":20},"end":{"line":104,"column":21}},"loc":{"start":{"line":104,"column":41},"end":{"line":104,"column":71}}},"7":{"name":"simulateContractCall","decl":{"start":{"line":113,"column":22},"end":{"line":113,"column":42}},"loc":{"start":{"line":117,"column":23},"end":{"line":135,"column":1}}},"8":{"name":"(anonymous_17)","decl":{"start":{"line":133,"column":28},"end":{"line":133,"column":41}},"loc":{"start":{"line":133,"column":28},"end":{"line":133,"column":64}}}},"branchMap":{"0":{"loc":{"start":{"line":62,"column":2},"end":{"line":64,"column":3}},"type":"if","locations":[{"start":{"line":62,"column":2},"end":{"line":64,"column":3}},{"start":{},"end":{}}]},"1":{"loc":{"start":{"line":70,"column":2},"end":{"line":74,"column":3}},"type":"if","locations":[{"start":{"line":70,"column":2},"end":{"line":74,"column":3}},{"start":{},"end":{}}]},"2":{"loc":{"start":{"line":72,"column":33},"end":{"line":72,"column":86}},"type":"binary-expr","locations":[{"start":{"line":72,"column":33},"end":{"line":72,"column":73}},{"start":{"line":72,"column":77},"end":{"line":72,"column":86}}]},"3":{"loc":{"start":{"line":79,"column":4},"end":{"line":79,"column":86}},"type":"if","locations":[{"start":{"line":79,"column":4},"end":{"line":79,"column":86}},{"start":{},"end":{}}]},"4":{"loc":{"start":{"line":84,"column":2},"end":{"line":86,"column":3}},"type":"if","locations":[{"start":{"line":84,"column":2},"end":{"line":86,"column":3}},{"start":{},"end":{}}]},"5":{"loc":{"start":{"line":90,"column":2},"end":{"line":93,"column":3}},"type":"if","locations":[{"start":{"line":90,"column":2},"end":{"line":93,"column":3}},{"start":{},"end":{}}]},"6":{"loc":{"start":{"line":131,"column":2},"end":{"line":131,"column":68}},"type":"if","locations":[{"start":{"line":131,"column":2},"end":{"line":131,"column":68}},{"start":{},"end":{}}]},"7":{"loc":{"start":{"line":131,"column":6},"end":{"line":131,"column":54}},"type":"binary-expr","locations":[{"start":{"line":131,"column":6},"end":{"line":131,"column":39}},{"start":{"line":131,"column":43},"end":{"line":131,"column":54}}]}},"s":{"0":0,"1":0,"2":0,"3":0,"4":0,"5":0,"6":0,"7":0,"8":0,"9":0,"10":0,"11":0,"12":0,"13":0,"14":0,"15":0,"16":0,"17":0,"18":0,"19":0,"20":0,"21":0,"22":0,"23":0,"24":0,"25":0,"26":0,"27":0,"28":0,"29":0,"30":0,"31":0,"32":0,"33":0,"34":0,"35":0,"36":0,"37":0,"38":0,"39":0,"40":0,"41":0,"42":0,"43":0,"44":0,"45":0,"46":0,"47":0},"f":{"0":0,"1":0,"2":0,"3":0,"4":0,"5":0,"6":0,"7":0,"8":0},"b":{"0":[0,0],"1":[0,0],"2":[0,0],"3":[0,0],"4":[0,0],"5":[0,0],"6":[0,0],"7":[0,0]}}
,"/home/asus/Project/MateFi/frontend/src/lib/contracts.ts": {"path":"/home/asus/Project/MateFi/frontend/src/lib/contracts.ts","statementMap":{"0":{"start":{"line":131,"column":0},"end":{"line":131,"column":7}},"1":{"start":{"line":159,"column":0},"end":{"line":159,"column":7}},"2":{"start":{"line":190,"column":0},"end":{"line":190,"column":7}},"3":{"start":{"line":217,"column":0},"end":{"line":217,"column":7}},"4":{"start":{"line":7,"column":0},"end":{"line":7,"column":null}},"5":{"start":{"line":15,"column":0},"end":{"line":15,"column":69}},"6":{"start":{"line":16,"column":0},"end":{"line":16,"column":39}},"7":{"start":{"line":17,"column":0},"end":{"line":17,"column":52}},"8":{"start":{"line":22,"column":21},"end":{"line":29,"column":11}},"9":{"start":{"line":33,"column":4},"end":{"line":37,"column":6}},"10":{"start":{"line":38,"column":4},"end":{"line":38,"column":44}},"11":{"start":{"line":31,"column":0},"end":{"line":31,"column":13}},"12":{"start":{"line":46,"column":13},"end":{"line":46,"column":30}},"13":{"start":{"line":47,"column":2},"end":{"line":47,"column":55}},"14":{"start":{"line":47,"column":11},"end":{"line":47,"column":55}},"15":{"start":{"line":48,"column":2},"end":{"line":48,"column":12}},"16":{"start":{"line":52,"column":13},"end":{"line":54,"column":2}},"17":{"start":{"line":58,"column":27},"end":{"line":58,"column":33}},"18":{"start":{"line":59,"column":25},"end":{"line":59,"column":30}},"19":{"start":{"line":61,"column":14},"end":{"line":61,"column":73}},"20":{"start":{"line":61,"column":30},"end":{"line":61,"column":73}},"21":{"start":{"line":61,"column":55},"end":{"line":61,"column":72}},"22":{"start":{"line":73,"column":17},"end":{"line":73,"column":31}},"23":{"start":{"line":74,"column":18},"end":{"line":74,"column":56}},"24":{"start":{"line":76,"column":13},"end":{"line":82,"column":12}},"25":{"start":{"line":84,"column":14},"end":{"line":84,"column":50}},"26":{"start":{"line":85,"column":2},"end":{"line":87,"column":3}},"27":{"start":{"line":86,"column":4},"end":{"line":86,"column":55}},"28":{"start":{"line":89,"column":19},"end":{"line":89,"column":59}},"29":{"start":{"line":91,"column":2},"end":{"line":91,"column":26}},"30":{"start":{"line":92,"column":14},"end":{"line":92,"column":28}},"31":{"start":{"line":93,"column":26},"end":{"line":96,"column":4}},"32":{"start":{"line":98,"column":17},"end":{"line":98,"column":76}},"33":{"start":{"line":99,"column":15},"end":{"line":99,"column":51}},"34":{"start":{"line":100,"column":2},"end":{"line":106,"column":3}},"35":{"start":{"line":101,"column":4},"end":{"line":105,"column":6}},"36":{"start":{"line":108,"column":19},"end":{"line":108,"column":50}},"37":{"start":{"line":109,"column":15},"end":{"line":109,"column":53}},"38":{"start":{"line":110,"column":2},"end":{"line":116,"column":3}},"39":{"start":{"line":111,"column":4},"end":{"line":113,"column":5}},"40":{"start":{"line":112,"column":6},"end":{"line":112,"column":73}},"41":{"start":{"line":114,"column":4},"end":{"line":114,"column":34}},"42":{"start":{"line":115,"column":4},"end":{"line":115,"column":52}},"43":{"start":{"line":118,"column":2},"end":{"line":120,"column":3}},"44":{"start":{"line":119,"column":4},"end":{"line":119,"column":52}},"45":{"start":{"line":122,"column":2},"end":{"line":122,"column":71}},"46":{"start":{"line":136,"column":17},"end":{"line":136,"column":74}},"47":{"start":{"line":137,"column":17},"end":{"line":137,"column":31}},"48":{"start":{"line":138,"column":17},"end":{"line":138,"column":47}},"49":{"start":{"line":140,"column":27},"end":{"line":140,"column":52}},"50":{"start":{"line":142,"column":2},"end":{"line":152,"column":4}},"51":{"start":{"line":164,"column":21},"end":{"line":166,"column":null}},"52":{"start":{"line":168,"column":21},"end":{"line":168,"column":49}},"53":{"start":{"line":170,"column":2},"end":{"line":170,"column":59}},"54":{"start":{"line":172,"column":18},"end":{"line":180,"column":null}},"55":{"start":{"line":183,"column":2},"end":{"line":185,"column":3}},"56":{"start":{"line":184,"column":4},"end":{"line":184,"column":58}},"57":{"start":{"line":186,"column":2},"end":{"line":186,"column":25}},"58":{"start":{"line":195,"column":21},"end":{"line":197,"column":null}},"59":{"start":{"line":200,"column":2},"end":{"line":200,"column":65}},"60":{"start":{"line":202,"column":2},"end":{"line":210,"column":4}},"61":{"start":{"line":223,"column":17},"end":{"line":225,"column":null}},"62":{"start":{"line":228,"column":2},"end":{"line":228,"column":58}},"63":{"start":{"line":231,"column":23},"end":{"line":231,"column":71}},"64":{"start":{"line":233,"column":2},"end":{"line":243,"column":4}}},"fnMap":{"0":{"name":"(anonymous_0)","decl":{"start":{"line":32,"column":2},"end":{"line":32,"column":14}},"loc":{"start":{"line":32,"column":28},"end":{"line":39,"column":3}}},"1":{"name":"requireContractId","decl":{"start":{"line":42,"column":9},"end":{"line":42,"column":26}},"loc":{"start":{"line":44,"column":16},"end":{"line":49,"column":1}}},"2":{"name":"(anonymous_2)","decl":{"start":{"line":61,"column":14},"end":{"line":61,"column":15}},"loc":{"start":{"line":61,"column":30},"end":{"line":61,"column":73}}},"3":{"name":"(anonymous_3)","decl":{"start":{"line":61,"column":48},"end":{"line":61,"column":49}},"loc":{"start":{"line":61,"column":55},"end":{"line":61,"column":72}}},"4":{"name":"invokeWithWallet","decl":{"start":{"line":67,"column":15},"end":{"line":67,"column":31}},"loc":{"start":{"line":71,"column":23},"end":{"line":123,"column":1}}},"5":{"name":"approveUsdc","decl":{"start":{"line":131,"column":22},"end":{"line":131,"column":33}},"loc":{"start":{"line":134,"column":23},"end":{"line":153,"column":1}}},"6":{"name":"createMatch","decl":{"start":{"line":159,"column":22},"end":{"line":159,"column":33}},"loc":{"start":{"line":162,"column":25},"end":{"line":187,"column":1}}},"7":{"name":"joinMatch","decl":{"start":{"line":190,"column":22},"end":{"line":190,"column":31}},"loc":{"start":{"line":193,"column":26},"end":{"line":211,"column":1}}},"8":{"name":"placeTrade","decl":{"start":{"line":217,"column":22},"end":{"line":217,"column":32}},"loc":{"start":{"line":221,"column":23},"end":{"line":244,"column":1}}}},"branchMap":{"0":{"loc":{"start":{"line":47,"column":2},"end":{"line":47,"column":55}},"type":"if","locations":[{"start":{"line":47,"column":2},"end":{"line":47,"column":55}},{"start":{},"end":{}}]},"1":{"loc":{"start":{"line":53,"column":2},"end":{"line":53,"column":80}},"type":"binary-expr","locations":[{"start":{"line":53,"column":2},"end":{"line":53,"column":28}},{"start":{"line":53,"column":32},"end":{"line":53,"column":59}},{"start":{"line":53,"column":63},"end":{"line":53,"column":80}}]},"2":{"loc":{"start":{"line":85,"column":2},"end":{"line":87,"column":3}},"type":"if","locations":[{"start":{"line":85,"column":2},"end":{"line":87,"column":3}},{"start":{},"end":{}}]},"3":{"loc":{"start":{"line":100,"column":2},"end":{"line":106,"column":3}},"type":"if","locations":[{"start":{"line":100,"column":2},"end":{"line":106,"column":3}},{"start":{},"end":{}}]},"4":{"loc":{"start":{"line":103,"column":8},"end":{"line":103,"column":null}},"type":"cond-expr","locations":[{"start":{"line":103,"column":27},"end":{"line":103,"column":66}},{"start":{"line":103,"column":69},"end":{"line":103,"column":null}}]},"5":{"loc":{"start":{"line":111,"column":4},"end":{"line":113,"column":5}},"type":"if","locations":[{"start":{"line":111,"column":4},"end":{"line":113,"column":5}},{"start":{},"end":{}}]},"6":{"loc":{"start":{"line":118,"column":2},"end":{"line":120,"column":3}},"type":"if","locations":[{"start":{"line":118,"column":2},"end":{"line":120,"column":3}},{"start":{},"end":{}}]},"7":{"loc":{"start":{"line":122,"column":9},"end":{"line":122,"column":70}},"type":"cond-expr","locations":[{"start":{"line":122,"column":30},"end":{"line":122,"column":63}},{"start":{"line":122,"column":66},"end":{"line":122,"column":70}}]},"8":{"loc":{"start":{"line":183,"column":2},"end":{"line":185,"column":3}},"type":"if","locations":[{"start":{"line":183,"column":2},"end":{"line":185,"column":3}},{"start":{},"end":{}}]},"9":{"loc":{"start":{"line":183,"column":6},"end":{"line":183,"column":47}},"type":"binary-expr","locations":[{"start":{"line":183,"column":6},"end":{"line":183,"column":22}},{"start":{"line":183,"column":26},"end":{"line":183,"column":47}}]}},"s":{"0":1,"1":1,"2":1,"3":1,"4":1,"5":1,"6":1,"7":1,"8":1,"9":4,"10":4,"11":1,"12":0,"13":0,"14":0,"15":0,"16":1,"17":1,"18":1,"19":1,"20":0,"21":0,"22":0,"23":0,"24":0,"25":0,"26":0,"27":0,"28":0,"29":0,"30":0,"31":0,"32":0,"33":0,"34":0,"35":0,"36":0,"37":0,"38":0,"39":0,"40":0,"41":0,"42":0,"43":0,"44":0,"45":0,"46":0,"47":0,"48":0,"49":0,"50":0,"51":0,"52":0,"53":0,"54":0,"55":0,"56":0,"57":0,"58":0,"59":0,"60":0,"61":0,"62":0,"63":0,"64":0},"f":{"0":4,"1":0,"2":0,"3":0,"4":0,"5":0,"6":0,"7":0,"8":0},"b":{"0":[0,0],"1":[1,0,0],"2":[0,0],"3":[0,0],"4":[0,0],"5":[0,0],"6":[0,0],"7":[0,0],"8":[0,0],"9":[0,0]}}
,"/home/asus/Project/MateFi/frontend/src/lib/horizon.ts": {"path":"/home/asus/Project/MateFi/frontend/src/lib/horizon.ts","statementMap":{"0":{"start":{"line":8,"column":0},"end":{"line":8,"column":16}},"1":{"start":{"line":1,"column":0},"end":{"line":1,"column":57}},"2":{"start":{"line":3,"column":13},"end":{"line":3,"column":73}},"3":{"start":{"line":4,"column":13},"end":{"line":4,"column":51}},"4":{"start":{"line":6,"column":37},"end":{"line":6,"column":41}},"5":{"start":{"line":9,"column":2},"end":{"line":11,"column":3}},"6":{"start":{"line":10,"column":4},"end":{"line":10,"column":54}},"7":{"start":{"line":12,"column":2},"end":{"line":12,"column":17}}},"fnMap":{"0":{"name":"getHorizonServer","decl":{"start":{"line":8,"column":16},"end":{"line":8,"column":32}},"loc":{"start":{"line":8,"column":32},"end":{"line":13,"column":1}}}},"branchMap":{"0":{"loc":{"start":{"line":9,"column":2},"end":{"line":11,"column":3}},"type":"if","locations":[{"start":{"line":9,"column":2},"end":{"line":11,"column":3}},{"start":{},"end":{}}]}},"s":{"0":2,"1":2,"2":2,"3":2,"4":2,"5":0,"6":0,"7":0},"f":{"0":0},"b":{"0":[0,0]}}
,"/home/asus/Project/MateFi/frontend/src/lib/stellar-sdk.ts": {"path":"/home/asus/Project/MateFi/frontend/src/lib/stellar-sdk.ts","statementMap":{"0":{"start":{"line":5,"column":0},"end":{"line":5,"column":9}},"1":{"start":{"line":5,"column":9},"end":{"line":5,"column":31}},"2":{"start":{"line":5,"column":33},"end":{"line":5,"column":72}},"3":{"start":{"line":8,"column":0},"end":{"line":8,"column":null}},"4":{"start":{"line":9,"column":2},"end":{"line":9,"column":null}},"5":{"start":{"line":10,"column":2},"end":{"line":10,"column":null}},"6":{"start":{"line":11,"column":2},"end":{"line":11,"column":null}},"7":{"start":{"line":12,"column":2},"end":{"line":12,"column":null}},"8":{"start":{"line":13,"column":2},"end":{"line":13,"column":null}},"9":{"start":{"line":14,"column":2},"end":{"line":14,"column":null}},"10":{"start":{"line":15,"column":2},"end":{"line":15,"column":null}},"11":{"start":{"line":16,"column":2},"end":{"line":16,"column":null}},"12":{"start":{"line":17,"column":2},"end":{"line":17,"column":null}},"13":{"start":{"line":18,"column":2},"end":{"line":18,"column":null}}},"fnMap":{"0":{"name":"(anonymous_0)","decl":{"start":{"line":5,"column":9},"end":{"line":5,"column":21}},"loc":{"start":{"line":5,"column":9},"end":{"line":5,"column":31}}},"1":{"name":"(anonymous_1)","decl":{"start":{"line":5,"column":33},"end":{"line":5,"column":51}},"loc":{"start":{"line":5,"column":33},"end":{"line":5,"column":72}}},"2":{"name":"(anonymous_2)","decl":{"start":{"line":9,"column":2},"end":{"line":9,"column":5}},"loc":{"start":{"line":9,"column":2},"end":{"line":9,"column":null}}},"3":{"name":"(anonymous_3)","decl":{"start":{"line":10,"column":2},"end":{"line":10,"column":10}},"loc":{"start":{"line":10,"column":2},"end":{"line":10,"column":null}}},"4":{"name":"(anonymous_4)","decl":{"start":{"line":11,"column":2},"end":{"line":11,"column":20}},"loc":{"start":{"line":11,"column":2},"end":{"line":11,"column":null}}},"5":{"name":"(anonymous_5)","decl":{"start":{"line":12,"column":2},"end":{"line":12,"column":11}},"loc":{"start":{"line":12,"column":2},"end":{"line":12,"column":null}}},"6":{"name":"(anonymous_6)","decl":{"start":{"line":13,"column":2},"end":{"line":13,"column":7}},"loc":{"start":{"line":13,"column":2},"end":{"line":13,"column":null}}},"7":{"name":"(anonymous_7)","decl":{"start":{"line":14,"column":2},"end":{"line":14,"column":10}},"loc":{"start":{"line":14,"column":2},"end":{"line":14,"column":null}}},"8":{"name":"(anonymous_8)","decl":{"start":{"line":15,"column":2},"end":{"line":15,"column":10}},"loc":{"start":{"line":15,"column":2},"end":{"line":15,"column":null}}},"9":{"name":"(anonymous_9)","decl":{"start":{"line":16,"column":2},"end":{"line":16,"column":15}},"loc":{"start":{"line":16,"column":2},"end":{"line":16,"column":null}}},"10":{"name":"(anonymous_10)","decl":{"start":{"line":17,"column":2},"end":{"line":17,"column":15}},"loc":{"start":{"line":17,"column":2},"end":{"line":17,"column":null}}},"11":{"name":"(anonymous_11)","decl":{"start":{"line":18,"column":2},"end":{"line":18,"column":5}},"loc":{"start":{"line":18,"column":2},"end":{"line":18,"column":null}}}},"branchMap":{},"s":{"0":0,"1":0,"2":0,"3":0,"4":0,"5":0,"6":0,"7":0,"8":0,"9":0,"10":0,"11":0,"12":0,"13":0},"f":{"0":0,"1":0,"2":0,"3":0,"4":0,"5":0,"6":0,"7":0,"8":0,"9":0,"10":0,"11":0},"b":{}}
,"/home/asus/Project/MateFi/frontend/src/lib/stellar.ts": {"path":"/home/asus/Project/MateFi/frontend/src/lib/stellar.ts","statementMap":{"0":{"start":{"line":29,"column":0},"end":{"line":29,"column":16}},"1":{"start":{"line":46,"column":0},"end":{"line":46,"column":16}},"2":{"start":{"line":67,"column":0},"end":{"line":67,"column":16}},"3":{"start":{"line":77,"column":0},"end":{"line":77,"column":16}},"4":{"start":{"line":7,"column":0},"end":{"line":7,"column":43}},"5":{"start":{"line":12,"column":13},"end":{"line":13,"column":83}},"6":{"start":{"line":15,"column":13},"end":{"line":16,"column":84}},"7":{"start":{"line":18,"column":13},"end":{"line":18,"column":86}},"8":{"start":{"line":20,"column":13},"end":{"line":20,"column":78}},"9":{"start":{"line":23,"column":13},"end":{"line":23,"column":47}},"10":{"start":{"line":27,"column":32},"end":{"line":27,"column":36}},"11":{"start":{"line":30,"column":2},"end":{"line":34,"column":3}},"12":{"start":{"line":31,"column":4},"end":{"line":33,"column":7}},"13":{"start":{"line":35,"column":2},"end":{"line":35,"column":16}},"14":{"start":{"line":40,"column":52},"end":{"line":40,"column":56}},"15":{"start":{"line":47,"column":2},"end":{"line":51,"column":3}},"16":{"start":{"line":48,"column":4},"end":{"line":50,"column":6}},"17":{"start":{"line":52,"column":2},"end":{"line":62,"column":3}},"18":{"start":{"line":53,"column":4},"end":{"line":61,"column":9}},"19":{"start":{"line":55,"column":8},"end":{"line":55,"column":55}},"20":{"start":{"line":56,"column":6},"end":{"line":60,"column":9}},"21":{"start":{"line":63,"column":2},"end":{"line":63,"column":20}},"22":{"start":{"line":68,"column":2},"end":{"line":68,"column":27}},"23":{"start":{"line":68,"column":16},"end":{"line":68,"column":27}},"24":{"start":{"line":69,"column":2},"end":{"line":69,"column":54}},"25":{"start":{"line":69,"column":39},"end":{"line":69,"column":54}},"26":{"start":{"line":70,"column":2},"end":{"line":70,"column":63}},"27":{"start":{"line":74,"column":25},"end":{"line":74,"column":85}},"28":{"start":{"line":78,"column":2},"end":{"line":78,"column":25}},"29":{"start":{"line":78,"column":13},"end":{"line":78,"column":25}},"30":{"start":{"line":79,"column":2},"end":{"line":79,"column":74}}},"fnMap":{"0":{"name":"getRpcServer","decl":{"start":{"line":29,"column":16},"end":{"line":29,"column":28}},"loc":{"start":{"line":29,"column":28},"end":{"line":36,"column":1}}},"1":{"name":"getKit","decl":{"start":{"line":46,"column":16},"end":{"line":46,"column":22}},"loc":{"start":{"line":46,"column":22},"end":{"line":64,"column":1}}},"2":{"name":"(anonymous_11)","decl":{"start":{"line":53,"column":18},"end":{"line":53,"column":23}},"loc":{"start":{"line":53,"column":29},"end":{"line":61,"column":5}}},"3":{"name":"(anonymous_12)","decl":{"start":{"line":55,"column":8},"end":{"line":55,"column":21}},"loc":{"start":{"line":55,"column":8},"end":{"line":55,"column":55}}},"4":{"name":"shortAddress","decl":{"start":{"line":67,"column":16},"end":{"line":67,"column":28}},"loc":{"start":{"line":67,"column":74},"end":{"line":71,"column":1}}},"5":{"name":"txExplorerUrl","decl":{"start":{"line":77,"column":16},"end":{"line":77,"column":29}},"loc":{"start":{"line":77,"column":61},"end":{"line":80,"column":1}}}},"branchMap":{"0":{"loc":{"start":{"line":13,"column":2},"end":{"line":13,"column":82}},"type":"binary-expr","locations":[{"start":{"line":13,"column":2},"end":{"line":13,"column":41}},{"start":{"line":13,"column":45},"end":{"line":13,"column":82}}]},"1":{"loc":{"start":{"line":16,"column":2},"end":{"line":16,"column":83}},"type":"binary-expr","locations":[{"start":{"line":16,"column":2},"end":{"line":16,"column":44}},{"start":{"line":16,"column":48},"end":{"line":16,"column":83}}]},"2":{"loc":{"start":{"line":18,"column":23},"end":{"line":18,"column":85}},"type":"binary-expr","locations":[{"start":{"line":18,"column":23},"end":{"line":18,"column":54}},{"start":{"line":18,"column":58},"end":{"line":18,"column":85}}]},"3":{"loc":{"start":{"line":20,"column":22},"end":{"line":20,"column":77}},"type":"binary-expr","locations":[{"start":{"line":20,"column":22},"end":{"line":20,"column":52}},{"start":{"line":20,"column":56},"end":{"line":20,"column":77}}]},"4":{"loc":{"start":{"line":30,"column":2},"end":{"line":34,"column":3}},"type":"if","locations":[{"start":{"line":30,"column":2},"end":{"line":34,"column":3}},{"start":{},"end":{}}]},"5":{"loc":{"start":{"line":47,"column":2},"end":{"line":51,"column":3}},"type":"if","locations":[{"start":{"line":47,"column":2},"end":{"line":51,"column":3}},{"start":{},"end":{}}]},"6":{"loc":{"start":{"line":52,"column":2},"end":{"line":62,"column":3}},"type":"if","locations":[{"start":{"line":52,"column":2},"end":{"line":62,"column":3}},{"start":{},"end":{}}]},"7":{"loc":{"start":{"line":67,"column":65},"end":{"line":67,"column":74}},"type":"default-arg","locations":[{"start":{"line":67,"column":73},"end":{"line":67,"column":74}}]},"8":{"loc":{"start":{"line":68,"column":2},"end":{"line":68,"column":27}},"type":"if","locations":[{"start":{"line":68,"column":2},"end":{"line":68,"column":27}},{"start":{},"end":{}}]},"9":{"loc":{"start":{"line":69,"column":2},"end":{"line":69,"column":54}},"type":"if","locations":[{"start":{"line":69,"column":2},"end":{"line":69,"column":54}},{"start":{},"end":{}}]},"10":{"loc":{"start":{"line":74,"column":25},"end":{"line":74,"column":85}},"type":"cond-expr","locations":[{"start":{"line":74,"column":65},"end":{"line":74,"column":73}},{"start":{"line":74,"column":76},"end":{"line":74,"column":85}}]},"11":{"loc":{"start":{"line":78,"column":2},"end":{"line":78,"column":25}},"type":"if","locations":[{"start":{"line":78,"column":2},"end":{"line":78,"column":25}},{"start":{},"end":{}}]}},"s":{"0":1,"1":1,"2":1,"3":1,"4":1,"5":1,"6":1,"7":1,"8":1,"9":1,"10":1,"11":0,"12":0,"13":0,"14":1,"15":0,"16":0,"17":0,"18":0,"19":0,"20":0,"21":0,"22":5,"23":2,"24":3,"25":1,"26":2,"27":1,"28":3,"29":2,"30":1},"f":{"0":0,"1":0,"2":0,"3":0,"4":5,"5":3},"b":{"0":[1,0],"1":[1,0],"2":[1,1],"3":[1,1],"4":[0,0],"5":[0,0],"6":[0,0],"7":[4],"8":[2,3],"9":[1,2],"10":[0,1],"11":[2,1]}}
,"/home/asus/Project/MateFi/frontend/src/lib/usdc.ts": {"path":"/home/asus/Project/MateFi/frontend/src/lib/usdc.ts","statementMap":{"0":{"start":{"line":23,"column":0},"end":{"line":23,"column":16}},"1":{"start":{"line":34,"column":0},"end":{"line":34,"column":16}},"2":{"start":{"line":44,"column":0},"end":{"line":44,"column":16}},"3":{"start":{"line":67,"column":0},"end":{"line":67,"column":7}},"4":{"start":{"line":6,"column":0},"end":{"line":6,"column":null}},"5":{"start":{"line":14,"column":0},"end":{"line":14,"column":61}},"6":{"start":{"line":16,"column":13},"end":{"line":16,"column":31}},"7":{"start":{"line":17,"column":13},"end":{"line":17,"column":44}},"8":{"start":{"line":24,"column":14},"end":{"line":24,"column":35}},"9":{"start":{"line":25,"column":2},"end":{"line":27,"column":3}},"10":{"start":{"line":26,"column":4},"end":{"line":26,"column":56}},"11":{"start":{"line":28,"column":29},"end":{"line":28,"column":43}},"12":{"start":{"line":29,"column":21},"end":{"line":29,"column":79}},"13":{"start":{"line":30,"column":2},"end":{"line":30,"column":63}},"14":{"start":{"line":35,"column":2},"end":{"line":40,"column":3}},"15":{"start":{"line":36,"column":4},"end":{"line":36,"column":62}},"16":{"start":{"line":38,"column":14},"end":{"line":38,"column":29}},"17":{"start":{"line":39,"column":4},"end":{"line":39,"column":65}},"18":{"start":{"line":48,"column":16},"end":{"line":48,"column":38}},"19":{"start":{"line":49,"column":19},"end":{"line":49,"column":37}},"20":{"start":{"line":50,"column":2},"end":{"line":55,"column":3}},"21":{"start":{"line":51,"column":4},"end":{"line":54,"column":21}},"22":{"start":{"line":56,"column":2},"end":{"line":59,"column":19}},"23":{"start":{"line":68,"column":17},"end":{"line":68,"column":57}},"24":{"start":{"line":69,"column":2},"end":{"line":69,"column":39}},"25":{"start":{"line":69,"column":27},"end":{"line":69,"column":39}},"26":{"start":{"line":71,"column":2},"end":{"line":95,"column":3}},"27":{"start":{"line":72,"column":19},"end":{"line":72,"column":33}},"28":{"start":{"line":73,"column":20},"end":{"line":73,"column":52}},"29":{"start":{"line":74,"column":15},"end":{"line":85,"column":14}},"30":{"start":{"line":87,"column":16},"end":{"line":87,"column":52}},"31":{"start":{"line":88,"column":4},"end":{"line":91,"column":5}},"32":{"start":{"line":89,"column":21},"end":{"line":89,"column":53}},"33":{"start":{"line":90,"column":6},"end":{"line":90,"column":71}},"34":{"start":{"line":92,"column":4},"end":{"line":92,"column":16}},"35":{"start":{"line":94,"column":4},"end":{"line":94,"column":16}}},"fnMap":{"0":{"name":"usdcToStroops","decl":{"start":{"line":23,"column":16},"end":{"line":23,"column":29}},"loc":{"start":{"line":23,"column":53},"end":{"line":31,"column":1}}},"1":{"name":"stroopsToUsdc","decl":{"start":{"line":34,"column":16},"end":{"line":34,"column":29}},"loc":{"start":{"line":34,"column":63},"end":{"line":41,"column":1}}},"2":{"name":"formatUsdc","decl":{"start":{"line":44,"column":16},"end":{"line":44,"column":26}},"loc":{"start":{"line":46,"column":53},"end":{"line":60,"column":1}}},"3":{"name":"fetchUsdcBalance","decl":{"start":{"line":67,"column":22},"end":{"line":67,"column":38}},"loc":{"start":{"line":67,"column":54},"end":{"line":96,"column":1}}}},"branchMap":{"0":{"loc":{"start":{"line":25,"column":2},"end":{"line":27,"column":3}},"type":"if","locations":[{"start":{"line":25,"column":2},"end":{"line":27,"column":3}},{"start":{},"end":{}}]},"1":{"loc":{"start":{"line":28,"column":16},"end":{"line":28,"column":25}},"type":"default-arg","locations":[{"start":{"line":28,"column":23},"end":{"line":28,"column":25}}]},"2":{"loc":{"start":{"line":39,"column":11},"end":{"line":39,"column":64}},"type":"cond-expr","locations":[{"start":{"line":39,"column":32},"end":{"line":39,"column":60}},{"start":{"line":39,"column":63},"end":{"line":39,"column":64}}]},"3":{"loc":{"start":{"line":46,"column":2},"end":{"line":46,"column":53}},"type":"default-arg","locations":[{"start":{"line":46,"column":51},"end":{"line":46,"column":53}}]},"4":{"loc":{"start":{"line":49,"column":19},"end":{"line":49,"column":37}},"type":"binary-expr","locations":[{"start":{"line":49,"column":19},"end":{"line":49,"column":32}},{"start":{"line":49,"column":36},"end":{"line":49,"column":37}}]},"5":{"loc":{"start":{"line":50,"column":2},"end":{"line":55,"column":3}},"type":"if","locations":[{"start":{"line":50,"column":2},"end":{"line":55,"column":3}},{"start":{},"end":{}}]},"6":{"loc":{"start":{"line":50,"column":6},"end":{"line":50,"column":47}},"type":"binary-expr","locations":[{"start":{"line":50,"column":6},"end":{"line":50,"column":18}},{"start":{"line":50,"column":22},"end":{"line":50,"column":47}}]},"7":{"loc":{"start":{"line":69,"column":2},"end":{"line":69,"column":39}},"type":"if","locations":[{"start":{"line":69,"column":2},"end":{"line":69,"column":39}},{"start":{},"end":{}}]},"8":{"loc":{"start":{"line":69,"column":6},"end":{"line":69,"column":25}},"type":"binary-expr","locations":[{"start":{"line":69,"column":6},"end":{"line":69,"column":13}},{"start":{"line":69,"column":17},"end":{"line":69,"column":25}}]},"9":{"loc":{"start":{"line":88,"column":4},"end":{"line":91,"column":5}},"type":"if","locations":[{"start":{"line":88,"column":4},"end":{"line":91,"column":5}},{"start":{},"end":{}}]},"10":{"loc":{"start":{"line":88,"column":8},"end":{"line":88,"column":54}},"type":"binary-expr","locations":[{"start":{"line":88,"column":8},"end":{"line":88,"column":40}},{"start":{"line":88,"column":44},"end":{"line":88,"column":54}}]},"11":{"loc":{"start":{"line":90,"column":13},"end":{"line":90,"column":70}},"type":"cond-expr","locations":[{"start":{"line":90,"column":42},"end":{"line":90,"column":48}},{"start":{"line":90,"column":51},"end":{"line":90,"column":70}}]},"12":{"loc":{"start":{"line":90,"column":58},"end":{"line":90,"column":69}},"type":"binary-expr","locations":[{"start":{"line":90,"column":58},"end":{"line":90,"column":64}},{"start":{"line":90,"column":68},"end":{"line":90,"column":69}}]}},"s":{"0":1,"1":1,"2":1,"3":1,"4":1,"5":1,"6":1,"7":1,"8":7,"9":7,"10":2,"11":5,"12":5,"13":5,"14":8,"15":8,"16":0,"17":0,"18":3,"19":3,"20":3,"21":1,"22":2,"23":0,"24":0,"25":0,"26":0,"27":0,"28":0,"29":0,"30":0,"31":0,"32":0,"33":0,"34":0,"35":0},"f":{"0":7,"1":8,"2":3,"3":0},"b":{"0":[2,5],"1":[2],"2":[0,0],"3":[1],"4":[3,2],"5":[1,2],"6":[3,1],"7":[0,0],"8":[0,0],"9":[0,0],"10":[0,0],"11":[0,0],"12":[0,0]}}
}
